#
# A fatal error has been detected by the Java Runtime Environment:
#
#  EXCEPTION_ACCESS_VIOLATION (0xc0000005) at pc=0x000000005481ebc0, pid=14512, tid=0x0000000000001dd8
#
# JRE version: Java(TM) SE Runtime Environment (8.0_221-b11) (build 1.8.0_221-b11)
# Java VM: Java HotSpot(TM) 64-Bit Server VM (25.221-b11 mixed mode windows-amd64 compressed oops)
# Problematic frame:
# C  [atio6axx.dll+0xd7ebc0]
#
# Failed to write core dump. Minidumps are not enabled by default on client versions of Windows
#
# If you would like to submit a bug report, please visit:
#   http://bugreport.java.com/bugreport/crash.jsp
# The crash happened outside the Java Virtual Machine in native code.
# See problematic frame for where to report the bug.
#

---------------  T H R E A D  ---------------

Current thread (0x0000000018ffc800):  JavaThread "AWT-EventQueue-0" [_thread_in_native, id=7640, stack(0x0000000021d60000,0x0000000021e60000)]

siginfo: ExceptionCode=0xc0000005, reading address 0x0000000024630002

Registers:
RAX=0x0000000000000000, RBX=0x00000000241e3fd8, RCX=0x00000000000000e7, RDX=0x0000000024630000
RSP=0x0000000021e5cc28, RBP=0x0000000000000514, RSI=0x0000000027c63730, RDI=0x000000002462fb98
R8 =0x0000000000000514, R9 =0x0000000000000514, R10=0x0000000024624f00, R11=0x3ff0000000000000
R12=0x0000000054782ca0, R13=0x000000005486e170, R14=0x00000000000003f1, R15=0x000000005481eb80
RIP=0x000000005481ebc0, EFLAGS=0x0000000000010206

Top of Stack: (sp=0x0000000021e5cc28)
0x0000000021e5cc28:   00000000546d1485 00000000241e3fd8
0x0000000021e5cc38:   0000000021e5cc40 0000000000000003
0x0000000021e5cc48:   0000000000000000 0000000000000000
0x0000000021e5cc58:   0000000000000000 0000000000001450
0x0000000021e5cc68:   0000000021e5cef0 00000000241e4000
0x0000000021e5cc78:   00000000546d2875 0000000027af2040
0x0000000021e5cc88:   0000000000000f3c 000000002451aa64
0x0000000021e5cc98:   00007ffe6e9f9d78 000000005486e170
0x0000000021e5cca8:   0000000000000514 0008000000000514
0x0000000021e5ccb8:   000000002451aa64 0000000000000f3c
0x0000000021e5ccc8:   0000000000000000 0000000027af2040
0x0000000021e5ccd8:   0000000000001450 0000000000000000
0x0000000021e5cce8:   0000000000000001 0000000000000000
0x0000000021e5ccf8:   0000000000000004 0000000000000514
0x0000000021e5cd08:   0000000000000514 000000005481eb80
0x0000000021e5cd18:   000000005486e170 0000000054782ca0 

Instructions: (pc=0x000000005481ebc0)
0x000000005481eba0:   f9 04 0f 82 40 01 00 00 41 8d 41 fc c1 e8 02 ff
0x000000005481ebb0:   c0 8b c8 44 8d 04 85 00 00 00 00 0f 1f 44 00 00
0x000000005481ebc0:   0f b6 42 02 66 0f 6e c0 f3 0f e6 c0 f2 0f 5e c1
0x000000005481ebd0:   f2 41 0f 11 02 0f b6 42 01 66 0f 6e c0 f3 0f e6 


Register to memory mapping:

RAX=0x0000000000000000 is an unknown value
RBX=0x00000000241e3fd8 is an unknown value
RCX=0x00000000000000e7 is an unknown value
RDX=0x0000000024630000 is an unknown value
RSP=0x0000000021e5cc28 is pointing into the stack for thread: 0x0000000018ffc800
RBP=0x0000000000000514 is an unknown value
RSI=0x0000000027c63730 is an unknown value
RDI=0x000000002462fb98 is an unknown value
R8 =0x0000000000000514 is an unknown value
R9 =0x0000000000000514 is an unknown value
R10=0x0000000024624f00 is an unknown value
R11=0x3ff0000000000000 is an unknown value
R12=0x0000000054782ca0 is an unknown value
R13=0x000000005486e170 is an unknown value
R14=0x00000000000003f1 is an unknown value
R15=0x000000005481eb80 is an unknown value


Stack: [0x0000000021d60000,0x0000000021e60000],  sp=0x0000000021e5cc28,  free space=1011k
Native frames: (J=compiled Java code, j=interpreted, Vv=VM code, C=native code)
C  [atio6axx.dll+0xd7ebc0]

Java frames: (J=compiled Java code, j=interpreted, Vv=VM code)
j  com.sun.opengl.impl.GLImpl.glCallList(I)V+0
j  org.yourorghere.GLRenderer.display(Ljavax/media/opengl/GLAutoDrawable;)V+162
j  com.sun.opengl.impl.GLDrawableHelper.display(Ljavax/media/opengl/GLAutoDrawable;)V+29
j  javax.media.opengl.GLCanvas$DisplayAction.run()V+80
j  com.sun.opengl.impl.GLDrawableHelper.invokeGL(Ljavax/media/opengl/GLDrawable;Ljavax/media/opengl/GLContext;Ljava/lang/Runnable;Ljava/lang/Runnable;)V+418
j  javax.media.opengl.GLCanvas.maybeDoSingleThreadedWorkaround(Ljava/lang/Runnable;Ljava/lang/Runnable;)V+36
j  javax.media.opengl.GLCanvas.display()V+9
j  javax.media.opengl.GLCanvas.paint(Ljava/awt/Graphics;)V+125
j  sun.awt.RepaintArea.paintComponent(Ljava/awt/Component;Ljava/awt/Graphics;)V+6
j  sun.awt.RepaintArea.paint(Ljava/lang/Object;Z)V+326
j  sun.awt.windows.WComponentPeer.handleEvent(Ljava/awt/AWTEvent;)V+155
j  java.awt.Component.dispatchEventImpl(Ljava/awt/AWTEvent;)V+877
j  java.awt.Component.dispatchEvent(Ljava/awt/AWTEvent;)V+2
j  java.awt.EventQueue.dispatchEventImpl(Ljava/awt/AWTEvent;Ljava/lang/Object;)V+41
j  java.awt.EventQueue.access$500(Ljava/awt/EventQueue;Ljava/awt/AWTEvent;Ljava/lang/Object;)V+3
j  java.awt.EventQueue$3.run()Ljava/lang/Void;+32
j  java.awt.EventQueue$3.run()Ljava/lang/Object;+1
v  ~StubRoutines::call_stub
j  java.security.AccessController.doPrivileged(Ljava/security/PrivilegedAction;Ljava/security/AccessControlContext;)Ljava/lang/Object;+0
j  java.security.ProtectionDomain$JavaSecurityAccessImpl.doIntersectionPrivilege(Ljava/security/PrivilegedAction;Ljava/security/AccessControlContext;Ljava/security/AccessControlContext;)Ljava/lang/Object;+18
j  java.security.ProtectionDomain$JavaSecurityAccessImpl.doIntersectionPrivilege(Ljava/security/PrivilegedAction;Ljava/security/AccessControlContext;)Ljava/lang/Object;+6
j  java.awt.EventQueue$4.run()Ljava/lang/Void;+11
j  java.awt.EventQueue$4.run()Ljava/lang/Object;+1
v  ~StubRoutines::call_stub
j  java.security.AccessController.doPrivileged(Ljava/security/PrivilegedAction;Ljava/security/AccessControlContext;)Ljava/lang/Object;+0
j  java.security.ProtectionDomain$JavaSecurityAccessImpl.doIntersectionPrivilege(Ljava/security/PrivilegedAction;Ljava/security/AccessControlContext;Ljava/security/AccessControlContext;)Ljava/lang/Object;+18
j  java.awt.EventQueue.dispatchEvent(Ljava/awt/AWTEvent;)V+73
j  java.awt.EventDispatchThread.pumpOneEventForFilters(I)V+140
j  java.awt.EventDispatchThread.pumpEventsForFilter(ILjava/awt/Conditional;Ljava/awt/EventFilter;)V+35
j  java.awt.EventDispatchThread.pumpEventsForHierarchy(ILjava/awt/Conditional;Ljava/awt/Component;)V+11
j  java.awt.EventDispatchThread.pumpEvents(ILjava/awt/Conditional;)V+4
j  java.awt.EventDispatchThread.pumpEvents(Ljava/awt/Conditional;)V+3
j  java.awt.EventDispatchThread.run()V+9
v  ~StubRoutines::call_stub

---------------  P R O C E S S  ---------------

Java Threads: ( => current thread )
  0x0000000019000800 JavaThread "DestroyJavaVM" [_thread_blocked, id=9280, stack(0x0000000002490000,0x0000000002590000)]
  0x0000000018fff800 JavaThread "Thread-2" [_thread_blocked, id=12068, stack(0x0000000023070000,0x0000000023170000)]
  0x0000000018fff000 JavaThread "D3D Screen Updater" daemon [_thread_blocked, id=2892, stack(0x0000000021e60000,0x0000000021f60000)]
=>0x0000000018ffc800 JavaThread "AWT-EventQueue-0" [_thread_in_native, id=7640, stack(0x0000000021d60000,0x0000000021e60000)]
  0x0000000018ffe000 JavaThread "AWT-Shutdown" [_thread_blocked, id=1208, stack(0x0000000021c60000,0x0000000021d60000)]
  0x0000000018ffd800 JavaThread "Image Fetcher 0" daemon [_thread_blocked, id=17360, stack(0x000000001feb0000,0x000000001ffb0000)]
  0x0000000018ed7000 JavaThread "AWT-Windows" daemon [_thread_in_native, id=6752, stack(0x0000000019a40000,0x0000000019b40000)]
  0x0000000018ed3800 JavaThread "Java2D Disposer" daemon [_thread_blocked, id=10172, stack(0x0000000019840000,0x0000000019940000)]
  0x0000000016dfe000 JavaThread "Service Thread" daemon [_thread_blocked, id=12504, stack(0x0000000018b20000,0x0000000018c20000)]
  0x0000000016de1800 JavaThread "C1 CompilerThread2" daemon [_thread_blocked, id=2744, stack(0x0000000018620000,0x0000000018720000)]
  0x0000000016da2800 JavaThread "C2 CompilerThread1" daemon [_thread_blocked, id=12804, stack(0x0000000018520000,0x0000000018620000)]
  0x0000000016da0000 JavaThread "C2 CompilerThread0" daemon [_thread_blocked, id=12664, stack(0x0000000018420000,0x0000000018520000)]
  0x0000000016d9e800 JavaThread "Attach Listener" daemon [_thread_blocked, id=12452, stack(0x0000000018320000,0x0000000018420000)]
  0x0000000016d9b000 JavaThread "Signal Dispatcher" daemon [_thread_blocked, id=12900, stack(0x0000000018220000,0x0000000018320000)]
  0x0000000016d89800 JavaThread "Finalizer" daemon [_thread_blocked, id=12524, stack(0x0000000018000000,0x0000000018100000)]
  0x0000000002682000 JavaThread "Reference Handler" daemon [_thread_blocked, id=9192, stack(0x0000000017f00000,0x0000000018000000)]

Other Threads:
  0x0000000016d68000 VMThread [stack: 0x0000000017e00000,0x0000000017f00000] [id=14600]
  0x0000000018751800 WatcherThread [stack: 0x0000000018c20000,0x0000000018d20000] [id=12700]

VM state:not at safepoint (normal execution)

VM Mutex/Monitor currently owned by a thread: None

heap address: 0x0000000088a00000, size: 1910 MB, Compressed Oops mode: 32-bit
Narrow klass base: 0x0000000000000000, Narrow klass shift: 3
Compressed class space size: 1073741824 Address: 0x0000000100000000

Heap:
 PSYoungGen      total 35840K, used 13941K [0x00000000d8380000, 0x00000000dc980000, 0x0000000100000000)
  eden space 30720K, 36% used [0x00000000d8380000,0x00000000d8e81558,0x00000000da180000)
  from space 5120K, 52% used [0x00000000da680000,0x00000000da91c010,0x00000000dab80000)
  to   space 5120K, 0% used [0x00000000da180000,0x00000000da180000,0x00000000da680000)
 ParOldGen       total 81920K, used 14877K [0x0000000088a00000, 0x000000008da00000, 0x00000000d8380000)
  object space 81920K, 18% used [0x0000000088a00000,0x0000000089887640,0x000000008da00000)
 Metaspace       used 14486K, capacity 14714K, committed 14848K, reserved 1062912K
  class space    used 1664K, capacity 1729K, committed 1792K, reserved 1048576K

Card table byte_map: [0x0000000011a50000,0x0000000011e10000] byte_map_base: 0x000000001160b000

Marking Bits: (ParMarkBitMap*) 0x0000000056675ce0
 Begin Bits: [0x0000000012490000, 0x0000000014268000)
 End Bits:   [0x0000000014268000, 0x0000000016040000)

Polling page: 0x00000000007b0000

CodeCache: size=245760Kb used=2924Kb max_used=2924Kb free=242836Kb
 bounds [0x0000000002690000, 0x0000000002970000, 0x0000000011690000]
 total_blobs=1489 nmethods=778 adapters=625
 compilation: enabled

Compilation events (10 events):
Event: 5.269 Thread 0x0000000016da0000  770       4       sun.awt.image.ByteInterleavedRaster::getByteData (851 bytes)
Event: 5.274 Thread 0x0000000016da0000 nmethod 770 0x00000000029666d0 code [0x0000000002966820, 0x0000000002966bf8]
Event: 5.490 Thread 0x0000000016de1800  772       3       sun.nio.cs.ISO_8859_1$Encoder::encodeISOArray (47 bytes)
Event: 5.490 Thread 0x0000000016de1800 nmethod 772 0x0000000002967e90 code [0x0000000002968000, 0x0000000002968290]
Event: 5.494 Thread 0x0000000016de1800  773       3       java.lang.ClassLoader::compareCerts (149 bytes)
Event: 5.495 Thread 0x0000000016de1800 nmethod 773 0x0000000002967150 code [0x0000000002967320, 0x0000000002967bb8]
Event: 5.529 Thread 0x0000000016de1800  777       3       java.util.WeakHashMap::remove (133 bytes)
Event: 5.531 Thread 0x0000000016de1800 nmethod 777 0x000000000296abd0 code [0x000000000296adc0, 0x000000000296b888]
Event: 5.537 Thread 0x0000000016de1800  778   !   3       java.lang.ClassLoader::findNative (86 bytes)
Event: 5.538 Thread 0x0000000016de1800 nmethod 778 0x0000000002969dd0 code [0x0000000002969f80, 0x000000000296a838]

GC Heap History (4 events):
Event: 5.128 GC heap before
{Heap before GC invocations=1 (full 0):
 PSYoungGen      total 35840K, used 30720K [0x00000000d8380000, 0x00000000dab80000, 0x0000000100000000)
  eden space 30720K, 100% used [0x00000000d8380000,0x00000000da180000,0x00000000da180000)
  from space 5120K, 0% used [0x00000000da680000,0x00000000da680000,0x00000000dab80000)
  to   space 5120K, 0% used [0x00000000da180000,0x00000000da180000,0x00000000da680000)
 ParOldGen       total 81920K, used 0K [0x0000000088a00000, 0x000000008da00000, 0x00000000d8380000)
  object space 81920K, 0% used [0x0000000088a00000,0x0000000088a00000,0x000000008da00000)
 Metaspace       used 14400K, capacity 14650K, committed 14848K, reserved 1062912K
  class space    used 1654K, capacity 1729K, committed 1792K, reserved 1048576K
Event: 5.147 GC heap after
Heap after GC invocations=1 (full 0):
 PSYoungGen      total 35840K, used 3383K [0x00000000d8380000, 0x00000000dab80000, 0x0000000100000000)
  eden space 30720K, 0% used [0x00000000d8380000,0x00000000d8380000,0x00000000da180000)
  from space 5120K, 66% used [0x00000000da180000,0x00000000da4cdd80,0x00000000da680000)
  to   space 5120K, 0% used [0x00000000da680000,0x00000000da680000,0x00000000dab80000)
 ParOldGen       total 81920K, used 14869K [0x0000000088a00000, 0x000000008da00000, 0x00000000d8380000)
  object space 81920K, 18% used [0x0000000088a00000,0x0000000089885640,0x000000008da00000)
 Metaspace       used 14400K, capacity 14650K, committed 14848K, reserved 1062912K
  class space    used 1654K, capacity 1729K, committed 1792K, reserved 1048576K
}
Event: 5.376 GC heap before
{Heap before GC invocations=2 (full 0):
 PSYoungGen      total 35840K, used 34103K [0x00000000d8380000, 0x00000000dab80000, 0x0000000100000000)
  eden space 30720K, 100% used [0x00000000d8380000,0x00000000da180000,0x00000000da180000)
  from space 5120K, 66% used [0x00000000da180000,0x00000000da4cdd80,0x00000000da680000)
  to   space 5120K, 0% used [0x00000000da680000,0x00000000da680000,0x00000000dab80000)
 ParOldGen       total 81920K, used 14869K [0x0000000088a00000, 0x000000008da00000, 0x00000000d8380000)
  object space 81920K, 18% used [0x0000000088a00000,0x0000000089885640,0x000000008da00000)
 Metaspace       used 14404K, capacity 14650K, committed 14848K, reserved 1062912K
  class space    used 1654K, capacity 1729K, committed 1792K, reserved 1048576K
Event: 5.384 GC heap after
Heap after GC invocations=2 (full 0):
 PSYoungGen      total 35840K, used 2672K [0x00000000d8380000, 0x00000000dc980000, 0x0000000100000000)
  eden space 30720K, 0% used [0x00000000d8380000,0x00000000d8380000,0x00000000da180000)
  from space 5120K, 52% used [0x00000000da680000,0x00000000da91c010,0x00000000dab80000)
  to   space 5120K, 0% used [0x00000000da180000,0x00000000da180000,0x00000000da680000)
 ParOldGen       total 81920K, used 14877K [0x0000000088a00000, 0x000000008da00000, 0x00000000d8380000)
  object space 81920K, 18% used [0x0000000088a00000,0x0000000089887640,0x000000008da00000)
 Metaspace       used 14404K, capacity 14650K, committed 14848K, reserved 1062912K
  class space    used 1654K, capacity 1729K, committed 1792K, reserved 1048576K
}

Deoptimization events (4 events):
Event: 2.210 Thread 0x000000000242d800 Uncommon trap: reason=unstable_if action=reinterpret pc=0x00000000028bad6c method=java.lang.String.indexOf([CII[CIII)I @ 134
Event: 3.880 Thread 0x0000000018ffc800 Uncommon trap: reason=class_check action=maybe_recompile pc=0x00000000028300d4 method=java.lang.String.equals(Ljava/lang/Object;)Z @ 8
Event: 3.880 Thread 0x0000000018ffc800 Uncommon trap: reason=class_check action=maybe_recompile pc=0x00000000028300d4 method=java.lang.String.equals(Ljava/lang/Object;)Z @ 8
Event: 3.880 Thread 0x0000000018ffc800 Uncommon trap: reason=class_check action=maybe_recompile pc=0x00000000028300d4 method=java.lang.String.equals(Ljava/lang/Object;)Z @ 8

Classes redefined (0 events):
No events

Internal exceptions (10 events):
Event: 0.205 Thread 0x000000000242d800 Exception <a 'java/lang/NoSuchMethodError': Method sun.misc.Unsafe.defineClass(Ljava/lang/String;[BII)Ljava/lang/Class; name or signature does not match> (0x00000000d8387cb8) thrown at [C:\re\workspace\8-2-build-windows-amd64-cygwin\jdk8u221\13320\hotspot
Event: 0.205 Thread 0x000000000242d800 Exception <a 'java/lang/NoSuchMethodError': Method sun.misc.Unsafe.prefetchRead(Ljava/lang/Object;J)V name or signature does not match> (0x00000000d8387fa0) thrown at [C:\re\workspace\8-2-build-windows-amd64-cygwin\jdk8u221\13320\hotspot\src\share\vm\prim
Event: 0.976 Thread 0x000000000242d800 Exception <a 'java/security/PrivilegedActionException'> (0x00000000d87137c0) thrown at [C:\re\workspace\8-2-build-windows-amd64-cygwin\jdk8u221\13320\hotspot\src\share\vm\prims\jvm.cpp, line 1502]
Event: 0.976 Thread 0x000000000242d800 Exception <a 'java/security/PrivilegedActionException'> (0x00000000d87139d0) thrown at [C:\re\workspace\8-2-build-windows-amd64-cygwin\jdk8u221\13320\hotspot\src\share\vm\prims\jvm.cpp, line 1502]
Event: 0.978 Thread 0x000000000242d800 Exception <a 'java/security/PrivilegedActionException'> (0x00000000d87178e0) thrown at [C:\re\workspace\8-2-build-windows-amd64-cygwin\jdk8u221\13320\hotspot\src\share\vm\prims\jvm.cpp, line 1502]
Event: 0.978 Thread 0x000000000242d800 Exception <a 'java/security/PrivilegedActionException'> (0x00000000d8717af0) thrown at [C:\re\workspace\8-2-build-windows-amd64-cygwin\jdk8u221\13320\hotspot\src\share\vm\prims\jvm.cpp, line 1502]
Event: 0.993 Thread 0x000000000242d800 Exception <a 'java/io/FileNotFoundException'> (0x00000000d871db18) thrown at [C:\re\workspace\8-2-build-windows-amd64-cygwin\jdk8u221\13320\hotspot\src\share\vm\prims\jni.cpp, line 710]
Event: 1.120 Thread 0x000000000242d800 Exception <a 'java/lang/NoSuchFieldError': method resolution failed> (0x00000000d87ee3d8) thrown at [C:\re\workspace\8-2-build-windows-amd64-cygwin\jdk8u221\13320\hotspot\src\share\vm\prims\methodHandles.cpp, line 1167]
Event: 1.133 Thread 0x000000000242d800 Exception <a 'java/lang/NoSuchFieldError': method resolution failed> (0x00000000d87fb7a8) thrown at [C:\re\workspace\8-2-build-windows-amd64-cygwin\jdk8u221\13320\hotspot\src\share\vm\prims\methodHandles.cpp, line 1167]
Event: 1.272 Thread 0x000000000242d800 Exception <a 'java/io/FileNotFoundException'> (0x00000000d8893fd8) thrown at [C:\re\workspace\8-2-build-windows-amd64-cygwin\jdk8u221\13320\hotspot\src\share\vm\prims\jni.cpp, line 710]

Events (10 events):
Event: 5.478 loading class com/sun/opengl/util/texture/Texture
Event: 5.478 loading class com/sun/opengl/util/texture/Texture done
Event: 5.493 loading class com/sun/opengl/util/texture/TextureCoords
Event: 5.493 loading class com/sun/opengl/util/texture/TextureCoords done
Event: 5.518 loading class org/yourorghere/GLRenderer$1
Event: 5.518 loading class org/yourorghere/GLRenderer$1 done
Event: 5.520 loading class java/awt/event/KeyAdapter
Event: 5.520 loading class java/awt/event/KeyAdapter done
Event: 5.521 loading class javax/media/opengl/GLJPanel
Event: 5.521 loading class javax/media/opengl/GLJPanel done


Dynamic libraries:
0x00007ff704790000 - 0x00007ff7047c7000 	C:\Program Files\Java\jdk1.8.0_221\jre\bin\java.exe
0x00007ffe6e9f0000 - 0x00007ffe6ebdd000 	C:\WINDOWS\SYSTEM32\ntdll.dll
0x00007ffe6bd40000 - 0x00007ffe6bdf3000 	C:\WINDOWS\System32\KERNEL32.DLL
0x00007ffe6b590000 - 0x00007ffe6b823000 	C:\WINDOWS\System32\KERNELBASE.dll
0x00007ffe6cec0000 - 0x00007ffe6cf63000 	C:\WINDOWS\System32\ADVAPI32.dll
0x00007ffe6c4d0000 - 0x00007ffe6c56e000 	C:\WINDOWS\System32\msvcrt.dll
0x00007ffe6bc90000 - 0x00007ffe6bd2e000 	C:\WINDOWS\System32\sechost.dll
0x00007ffe6bfa0000 - 0x00007ffe6c0c2000 	C:\WINDOWS\System32\RPCRT4.dll
0x00007ffe6be00000 - 0x00007ffe6bf97000 	C:\WINDOWS\System32\USER32.dll
0x00007ffe6b900000 - 0x00007ffe6b920000 	C:\WINDOWS\System32\win32u.dll
0x00007ffe6c490000 - 0x00007ffe6c4b9000 	C:\WINDOWS\System32\GDI32.dll
0x00007ffe6ba50000 - 0x00007ffe6bbe9000 	C:\WINDOWS\System32\gdi32full.dll
0x00007ffe6bbf0000 - 0x00007ffe6bc90000 	C:\WINDOWS\System32\msvcp_win.dll
0x00007ffe6b920000 - 0x00007ffe6ba1a000 	C:\WINDOWS\System32\ucrtbase.dll
0x00007ffe628c0000 - 0x00007ffe62b39000 	C:\WINDOWS\WinSxS\amd64_microsoft.windows.common-controls_6595b64144ccf1df_6.0.17763.802_none_05b1445c0722d2cc\COMCTL32.dll
0x00007ffe6e500000 - 0x00007ffe6e82c000 	C:\WINDOWS\System32\combase.dll
0x00007ffe6ad10000 - 0x00007ffe6ad8e000 	C:\WINDOWS\System32\bcryptPrimitives.dll
0x00007ffe6c750000 - 0x00007ffe6c77e000 	C:\WINDOWS\System32\IMM32.DLL
0x0000000055d70000 - 0x0000000055e42000 	C:\Program Files\Java\jdk1.8.0_221\jre\bin\msvcr100.dll
0x0000000055e50000 - 0x00000000566f5000 	C:\Program Files\Java\jdk1.8.0_221\jre\bin\server\jvm.dll
0x00007ffe6bd30000 - 0x00007ffe6bd38000 	C:\WINDOWS\System32\PSAPI.DLL
0x00007ffe65be0000 - 0x00007ffe65be9000 	C:\WINDOWS\SYSTEM32\WSOCK32.dll
0x00007ffe6c2f0000 - 0x00007ffe6c35d000 	C:\WINDOWS\System32\WS2_32.dll
0x00007ffe68db0000 - 0x00007ffe68dd4000 	C:\WINDOWS\SYSTEM32\WINMM.dll
0x00007ffe62e60000 - 0x00007ffe62e6a000 	C:\WINDOWS\SYSTEM32\VERSION.dll
0x00007ffe68ca0000 - 0x00007ffe68ccd000 	C:\WINDOWS\SYSTEM32\WINMMBASE.dll
0x00007ffe6b890000 - 0x00007ffe6b8da000 	C:\WINDOWS\System32\cfgmgr32.dll
0x00007ffe65240000 - 0x00007ffe6524f000 	C:\Program Files\Java\jdk1.8.0_221\jre\bin\verify.dll
0x00007ffe5c080000 - 0x00007ffe5c0a9000 	C:\Program Files\Java\jdk1.8.0_221\jre\bin\java.dll
0x00007ffe65020000 - 0x00007ffe65036000 	C:\Program Files\Java\jdk1.8.0_221\jre\bin\zip.dll
0x00007ffe6cf80000 - 0x00007ffe6e474000 	C:\WINDOWS\System32\SHELL32.dll
0x00007ffe6c240000 - 0x00007ffe6c2e8000 	C:\WINDOWS\System32\shcore.dll
0x00007ffe6ae40000 - 0x00007ffe6b58d000 	C:\WINDOWS\System32\windows.storage.dll
0x00007ffe6aaa0000 - 0x00007ffe6aac4000 	C:\WINDOWS\System32\profapi.dll
0x00007ffe6aad0000 - 0x00007ffe6ab2d000 	C:\WINDOWS\System32\powrprof.dll
0x00007ffe6e900000 - 0x00007ffe6e952000 	C:\WINDOWS\System32\shlwapi.dll
0x00007ffe6aa60000 - 0x00007ffe6aa71000 	C:\WINDOWS\System32\kernel.appcore.dll
0x00007ffe6b8e0000 - 0x00007ffe6b8f7000 	C:\WINDOWS\System32\cryptsp.dll
0x00007ffe38a30000 - 0x00007ffe38bc9000 	C:\Program Files\Java\jdk1.8.0_221\jre\bin\awt.dll
0x00007ffe6e830000 - 0x00007ffe6e8f4000 	C:\WINDOWS\System32\OLEAUT32.dll
0x00007ffe68f60000 - 0x00007ffe68fec000 	C:\WINDOWS\SYSTEM32\apphelp.dll
0x00007ffe69100000 - 0x00007ffe6912e000 	C:\WINDOWS\system32\DWMAPI.DLL
0x00007ffe6ab30000 - 0x00007ffe6ad0b000 	C:\WINDOWS\System32\CRYPT32.dll
0x00007ffe6aa80000 - 0x00007ffe6aa92000 	C:\WINDOWS\System32\MSASN1.dll
0x00007ffe69030000 - 0x00007ffe690cc000 	C:\WINDOWS\system32\uxtheme.dll
0x00007ffe5a550000 - 0x00007ffe5a677000 	C:\WINDOWS\system32\opengl32.dll
0x00007ffe59e00000 - 0x00007ffe59e2c000 	C:\WINDOWS\SYSTEM32\GLU32.dll
0x00007ffe6c0d0000 - 0x00007ffe6c23b000 	C:\WINDOWS\System32\MSCTF.dll
0x00007ffe6c5d0000 - 0x00007ffe6c725000 	C:\WINDOWS\System32\ole32.dll
0x00007ffe3d980000 - 0x00007ffe3db1e000 	C:\WINDOWS\system32\d3d9.dll
0x00007ffe5e360000 - 0x00007ffe5e53c000 	C:\WINDOWS\System32\DriverStore\FileRepository\c0319797.inf_amd64_42e8c563d6d50551\aticfx64.dll
0x00007ffe5c3a0000 - 0x00007ffe5c3cd000 	C:\WINDOWS\System32\DriverStore\FileRepository\c0319797.inf_amd64_42e8c563d6d50551\atiu9p64.dll
0x00007ffe27cb0000 - 0x00007ffe287ec000 	C:\WINDOWS\System32\DriverStore\FileRepository\c0319797.inf_amd64_42e8c563d6d50551\atiumd64.dll
0x0000000056860000 - 0x0000000057410000 	C:\WINDOWS\System32\DriverStore\FileRepository\c0319797.inf_amd64_42e8c563d6d50551\atiumd6a.dll
0x0000000019680000 - 0x00000000196da000 	C:\Users\KAORD\AppData\Roaming\NetBeans\8.0.2\jogl-runtime\jogl.jar-natives-windows-amd64\jogl.dll
0x00000000539d0000 - 0x0000000053a99000 	C:\WINDOWS\WinSxS\amd64_microsoft.vc80.crt_1fc8b3b9a1e18e3b_8.0.50727.9554_none_88e038cb2fae7c50\MSVCR80.dll
0x00007ffe46ad0000 - 0x00007ffe46b19000 	C:\Program Files\Java\jdk1.8.0_221\jre\bin\fontmanager.dll
0x00007ffe5c060000 - 0x00007ffe5c07a000 	C:\Program Files\Java\jdk1.8.0_221\jre\bin\net.dll
0x00007ffe62f50000 - 0x00007ffe63127000 	C:\WINDOWS\SYSTEM32\urlmon.dll
0x00007ffe5f150000 - 0x00007ffe5f3f8000 	C:\WINDOWS\SYSTEM32\iertutil.dll
0x00007ffe6a440000 - 0x00007ffe6a44c000 	C:\WINDOWS\SYSTEM32\CRYPTBASE.DLL
0x00007ffe6a270000 - 0x00007ffe6a2d7000 	C:\WINDOWS\system32\mswsock.dll
0x00007ffe5c040000 - 0x00007ffe5c052000 	C:\Program Files\Java\jdk1.8.0_221\jre\bin\nio.dll
0x00007ffe46a80000 - 0x00007ffe46ac2000 	C:\Program Files\Java\jdk1.8.0_221\jre\bin\t2k.dll
0x00007ffe65a90000 - 0x00007ffe65b25000 	C:\WINDOWS\System32\TextInputFramework.dll
0x00007ffe68a90000 - 0x00007ffe68b72000 	C:\WINDOWS\System32\CoreMessaging.dll
0x00007ffe64300000 - 0x00007ffe64622000 	C:\WINDOWS\System32\CoreUIComponents.dll
0x00007ffe69ad0000 - 0x00007ffe69b01000 	C:\WINDOWS\SYSTEM32\ntmarta.dll
0x00007ffe66940000 - 0x00007ffe66a93000 	C:\WINDOWS\SYSTEM32\wintypes.dll
0x00007ffe68f50000 - 0x00007ffe68f57000 	C:\Program Files\Java\jdk1.8.0_221\jre\bin\jawt.dll
0x0000000019970000 - 0x0000000019977000 	C:\Users\KAORD\AppData\Roaming\NetBeans\8.0.2\jogl-runtime\jogl.jar-natives-windows-amd64\jogl_awt.dll
0x00007ffe5a6a0000 - 0x00007ffe5a6c5000 	C:\WINDOWS\System32\DriverStore\FileRepository\c0319797.inf_amd64_42e8c563d6d50551\atig6pxx.dll
0x0000000053aa0000 - 0x0000000055d70000 	C:\WINDOWS\System32\DriverStore\FileRepository\c0319797.inf_amd64_42e8c563d6d50551\atio6axx.dll
0x00007ffe6c780000 - 0x00007ffe6cbf6000 	C:\WINDOWS\System32\SETUPAPI.dll
0x00007ffe6ba20000 - 0x00007ffe6ba46000 	C:\WINDOWS\System32\bcrypt.dll
0x00007ffe60220000 - 0x00007ffe60242000 	C:\WINDOWS\SYSTEM32\dxva2.dll
0x00007ffe55c30000 - 0x00007ffe55c67000 	C:\WINDOWS\System32\DriverStore\FileRepository\c0319797.inf_amd64_42e8c563d6d50551\atig6txx.dll
0x00007ffe5c0b0000 - 0x00007ffe5c220000 	C:\WINDOWS\SYSTEM32\atiadlxx.dll
0x00007ffe67b20000 - 0x00007ffe67b33000 	C:\WINDOWS\SYSTEM32\WTSAPI32.dll
0x00007ffe6a960000 - 0x00007ffe6a988000 	C:\WINDOWS\SYSTEM32\USERENV.dll
0x00007ffe67500000 - 0x00007ffe676a9000 	C:\WINDOWS\SYSTEM32\PROPSYS.dll
0x00007ffe6a830000 - 0x00007ffe6a859000 	C:\WINDOWS\SYSTEM32\DEVOBJ.dll
0x00007ffe6b830000 - 0x00007ffe6b889000 	C:\WINDOWS\System32\WINTRUST.dll
0x00007ffe55c70000 - 0x00007ffe55ca1000 	C:\Program Files\Java\jdk1.8.0_221\jre\bin\jpeg.dll
0x00007ffe57d60000 - 0x00007ffe57f4d000 	C:\WINDOWS\SYSTEM32\dbghelp.dll

VM Arguments:
jvm_args: -Dfile.encoding=Cp1252 -Djava.library.path=C:\Users\KAORD\AppData\Roaming\NetBeans\8.0.2\jogl-runtime\jogl.jar-natives-windows-amd64;C:\Users\KAORD\AppData\Roaming\NetBeans\8.0.2\gluegen-runtime\gluegen-rt.jar-natives-windows-amd64 
java_command: org.yourorghere.FiguraCompleja
java_class_path (initial): C:\Users\KAORD\AppData\Roaming\NetBeans\8.0.2\gluegen-runtime\gluegen-rt.jar;C:\Users\KAORD\AppData\Roaming\NetBeans\8.0.2\jogl-runtime\jogl.jar;C:\Users\KAORD\Documents\NetBeansProjects\FiguraCompleja\build\classes
Launcher Type: SUN_STANDARD

Environment Variables:
PATH=C:\Program Files (x86)\Common Files\Oracle\Java\javapath;C:\WINDOWS\system32;C:\WINDOWS;C:\WINDOWS\System32\Wbem;C:\WINDOWS\System32\WindowsPowerShell\v1.0\;C:\WINDOWS\System32\OpenSSH\;C:\Program Files\Git\cmd;C:\Program Files\MySQL\MySQL Shell 8.0\bin\;C:\Users\KAORD\AppData\Local\Microsoft\WindowsApps;;C:\Program Files\JetBrains\DataGrip 2019.2.2\bin;;C:\Users\KAORD\AppData\Local\Programs\Microsoft VS Code\bin
USERNAME=KAORD
OS=Windows_NT
PROCESSOR_IDENTIFIER=AMD64 Family 21 Model 101 Stepping 1, AuthenticAMD



---------------  S Y S T E M  ---------------

OS: Windows 10.0 , 64 bit Build 17763 (10.0.17763.475)

CPU:total 4 (initial active 4) (4 cores per cpu, 1 threads per core) family 21 model 101 stepping 1, cmov, cx8, fxsr, mmx, sse, sse2, sse3, ssse3, sse4.1, sse4.2, popcnt, avx, avx2, aes, clmul, mmxext, 3dnowpref, lzcnt, sse4a, tsc, tscinvbit, tscinv, bmi1

Memory: 4k page, physical 7821688k(3262528k free), swap 13965688k(5799052k free)

vm_info: Java HotSpot(TM) 64-Bit Server VM (25.221-b11) for windows-amd64 JRE (1.8.0_221-b11), built on Jul  4 2019 04:39:29 by "java_re" with MS VC++ 10.0 (VS2010)

time: Thu Oct 17 22:52:35 2019
timezone: Hora de verano central (México)
elapsed time: 5 seconds (0d 0h 0m 5s)

