#
# A fatal error has been detected by the Java Runtime Environment:
#
#  EXCEPTION_ACCESS_VIOLATION (0xc0000005) at pc=0x000000005481ec4a, pid=1572, tid=0x0000000000002a08
#
# JRE version: Java(TM) SE Runtime Environment (8.0_221-b11) (build 1.8.0_221-b11)
# Java VM: Java HotSpot(TM) 64-Bit Server VM (25.221-b11 mixed mode windows-amd64 compressed oops)
# Problematic frame:
# C  [atio6axx.dll+0xd7ec4a]
#
# Failed to write core dump. Minidumps are not enabled by default on client versions of Windows
#
# If you would like to submit a bug report, please visit:
#   http://bugreport.java.com/bugreport/crash.jsp
# The crash happened outside the Java Virtual Machine in native code.
# See problematic frame for where to report the bug.
#

---------------  T H R E A D  ---------------

Current thread (0x0000000019512800):  JavaThread "AWT-EventQueue-0" [_thread_in_native, id=10760, stack(0x0000000021110000,0x0000000021210000)]

siginfo: ExceptionCode=0xc0000005, reading address 0x00000000239ba000

Registers:
RAX=0x0000000000000000, RBX=0x0000000023580aa8, RCX=0x000000000000007c, RDX=0x00000000239b9ff8
RSP=0x000000002120c4e8, RBP=0x0000000000000514, RSI=0x0000000027f1e420, RDI=0x00000000239b968c
R8 =0x0000000000000514, R9 =0x0000000000000514, R10=0x00000000239b3060, R11=0x3ff0000000000000
R12=0x0000000054782ca0, R13=0x000000005486e170, R14=0x00000000000003ee, R15=0x000000005481eb80
RIP=0x000000005481ec4a, EFLAGS=0x0000000000010202

Top of Stack: (sp=0x000000002120c4e8)
0x000000002120c4e8:   00000000546d1485 0000000023580aa8
0x000000002120c4f8:   000000002120c500 0000000000000003
0x000000002120c508:   0000000000000000 0000000000000000
0x000000002120c518:   0000000000000000 0000000000001450
0x000000002120c528:   000000002120c7b0 0000000023580ad0
0x000000002120c538:   00000000546d2875 0000000027da9040
0x000000002120c548:   0000000000000f3c 00000000238a17a4
0x000000002120c558:   00007ffe6e9f9d78 000000005486e170
0x000000002120c568:   0000000000000514 0008000000000514
0x000000002120c578:   00000000238a17a4 0000000000000f3c
0x000000002120c588:   0000000000000000 0000000027da9040
0x000000002120c598:   0000000000001450 0000000000000000
0x000000002120c5a8:   0000000000000001 0000000000000000
0x000000002120c5b8:   0000000000000004 0000000000000514
0x000000002120c5c8:   0000000000000514 000000005481eb80
0x000000002120c5d8:   000000005486e170 0000000054782ca0 

Instructions: (pc=0x000000005481ec4a)
0x000000005481ec2a:   f2 41 0f 11 42 28 0f b6 42 03 4d 89 5a 38 66 0f
0x000000005481ec3a:   6e c0 f3 0f e6 c0 f2 0f 5e c1 f2 41 0f 11 42 30
0x000000005481ec4a:   0f b6 42 08 66 0f 6e c0 f3 0f e6 c0 f2 0f 5e c1
0x000000005481ec5a:   f2 41 0f 11 42 40 0f b6 42 07 66 0f 6e c0 f3 0f 


Register to memory mapping:

RAX=0x0000000000000000 is an unknown value
RBX=0x0000000023580aa8 is an unknown value
RCX=0x000000000000007c is an unknown value
RDX=0x00000000239b9ff8 is an unknown value
RSP=0x000000002120c4e8 is pointing into the stack for thread: 0x0000000019512800
RBP=0x0000000000000514 is an unknown value
RSI=0x0000000027f1e420 is an unknown value
RDI=0x00000000239b968c is an unknown value
R8 =0x0000000000000514 is an unknown value
R9 =0x0000000000000514 is an unknown value
R10=0x00000000239b3060 is an unknown value
R11=0x3ff0000000000000 is an unknown value
R12=0x0000000054782ca0 is an unknown value
R13=0x000000005486e170 is an unknown value
R14=0x00000000000003ee is an unknown value
R15=0x000000005481eb80 is an unknown value


Stack: [0x0000000021110000,0x0000000021210000],  sp=0x000000002120c4e8,  free space=1009k
Native frames: (J=compiled Java code, j=interpreted, Vv=VM code, C=native code)
C  [atio6axx.dll+0xd7ec4a]

Java frames: (J=compiled Java code, j=interpreted, Vv=VM code)
j  com.sun.opengl.impl.GLImpl.glCallList(I)V+0
j  org.yourorghere.GLRenderer.display(Ljavax/media/opengl/GLAutoDrawable;)V+183
j  com.sun.opengl.impl.GLDrawableHelper.display(Ljavax/media/opengl/GLAutoDrawable;)V+29
j  javax.media.opengl.GLCanvas$DisplayAction.run()V+80
j  com.sun.opengl.impl.GLDrawableHelper.invokeGL(Ljavax/media/opengl/GLDrawable;Ljavax/media/opengl/GLContext;Ljava/lang/Runnable;Ljava/lang/Runnable;)V+418
j  javax.media.opengl.GLCanvas.maybeDoSingleThreadedWorkaround(Ljava/lang/Runnable;Ljava/lang/Runnable;)V+36
j  javax.media.opengl.GLCanvas.display()V+9
j  javax.media.opengl.GLCanvas.paint(Ljava/awt/Graphics;)V+125
j  sun.awt.RepaintArea.paintComponent(Ljava/awt/Component;Ljava/awt/Graphics;)V+6
j  sun.awt.RepaintArea.paint(Ljava/lang/Object;Z)V+326
j  sun.awt.windows.WComponentPeer.handleEvent(Ljava/awt/AWTEvent;)V+155
j  java.awt.Component.dispatchEventImpl(Ljava/awt/AWTEvent;)V+877
j  java.awt.Component.dispatchEvent(Ljava/awt/AWTEvent;)V+2
j  java.awt.EventQueue.dispatchEventImpl(Ljava/awt/AWTEvent;Ljava/lang/Object;)V+41
j  java.awt.EventQueue.access$500(Ljava/awt/EventQueue;Ljava/awt/AWTEvent;Ljava/lang/Object;)V+3
j  java.awt.EventQueue$3.run()Ljava/lang/Void;+32
j  java.awt.EventQueue$3.run()Ljava/lang/Object;+1
v  ~StubRoutines::call_stub
j  java.security.AccessController.doPrivileged(Ljava/security/PrivilegedAction;Ljava/security/AccessControlContext;)Ljava/lang/Object;+0
j  java.security.ProtectionDomain$JavaSecurityAccessImpl.doIntersectionPrivilege(Ljava/security/PrivilegedAction;Ljava/security/AccessControlContext;Ljava/security/AccessControlContext;)Ljava/lang/Object;+18
j  java.security.ProtectionDomain$JavaSecurityAccessImpl.doIntersectionPrivilege(Ljava/security/PrivilegedAction;Ljava/security/AccessControlContext;)Ljava/lang/Object;+6
j  java.awt.EventQueue$4.run()Ljava/lang/Void;+11
j  java.awt.EventQueue$4.run()Ljava/lang/Object;+1
v  ~StubRoutines::call_stub
j  java.security.AccessController.doPrivileged(Ljava/security/PrivilegedAction;Ljava/security/AccessControlContext;)Ljava/lang/Object;+0
j  java.security.ProtectionDomain$JavaSecurityAccessImpl.doIntersectionPrivilege(Ljava/security/PrivilegedAction;Ljava/security/AccessControlContext;Ljava/security/AccessControlContext;)Ljava/lang/Object;+18
j  java.awt.EventQueue.dispatchEvent(Ljava/awt/AWTEvent;)V+73
j  java.awt.EventDispatchThread.pumpOneEventForFilters(I)V+140
j  java.awt.EventDispatchThread.pumpEventsForFilter(ILjava/awt/Conditional;Ljava/awt/EventFilter;)V+35
j  java.awt.EventDispatchThread.pumpEventsForHierarchy(ILjava/awt/Conditional;Ljava/awt/Component;)V+11
j  java.awt.EventDispatchThread.pumpEvents(ILjava/awt/Conditional;)V+4
j  java.awt.EventDispatchThread.pumpEvents(Ljava/awt/Conditional;)V+3
j  java.awt.EventDispatchThread.run()V+9
v  ~StubRoutines::call_stub

---------------  P R O C E S S  ---------------

Java Threads: ( => current thread )
  0x0000000019511800 JavaThread "DestroyJavaVM" [_thread_blocked, id=7964, stack(0x00000000012a0000,0x00000000013a0000)]
  0x0000000019514000 JavaThread "Thread-2" [_thread_blocked, id=17052, stack(0x0000000022420000,0x0000000022520000)]
  0x0000000019513000 JavaThread "D3D Screen Updater" daemon [_thread_blocked, id=14772, stack(0x0000000021210000,0x0000000021310000)]
=>0x0000000019512800 JavaThread "AWT-EventQueue-0" [_thread_in_native, id=10760, stack(0x0000000021110000,0x0000000021210000)]
  0x0000000019510000 JavaThread "Image Fetcher 0" daemon [_thread_blocked, id=11776, stack(0x0000000020e10000,0x0000000020f10000)]
  0x00000000194c3000 JavaThread "AWT-Windows" daemon [_thread_in_native, id=15812, stack(0x0000000019f70000,0x000000001a070000)]
  0x00000000194c0800 JavaThread "AWT-Shutdown" [_thread_blocked, id=15740, stack(0x0000000019e70000,0x0000000019f70000)]
  0x00000000194bf800 JavaThread "Java2D Disposer" daemon [_thread_blocked, id=10504, stack(0x0000000019c90000,0x0000000019d90000)]
  0x00000000173ed000 JavaThread "Service Thread" daemon [_thread_blocked, id=10932, stack(0x0000000019130000,0x0000000019230000)]
  0x0000000018c38800 JavaThread "C1 CompilerThread2" daemon [_thread_blocked, id=17028, stack(0x0000000019030000,0x0000000019130000)]
  0x00000000173e0800 JavaThread "C2 CompilerThread1" daemon [_thread_blocked, id=8564, stack(0x0000000018b30000,0x0000000018c30000)]
  0x0000000017390800 JavaThread "C2 CompilerThread0" daemon [_thread_blocked, id=15156, stack(0x0000000018a30000,0x0000000018b30000)]
  0x000000001738e800 JavaThread "Attach Listener" daemon [_thread_blocked, id=7972, stack(0x0000000018930000,0x0000000018a30000)]
  0x000000001738b800 JavaThread "Signal Dispatcher" daemon [_thread_blocked, id=12976, stack(0x0000000018830000,0x0000000018930000)]
  0x0000000002c7d000 JavaThread "Finalizer" daemon [_thread_blocked, id=9812, stack(0x0000000018610000,0x0000000018710000)]
  0x000000001737a800 JavaThread "Reference Handler" daemon [_thread_blocked, id=8196, stack(0x0000000018510000,0x0000000018610000)]

Other Threads:
  0x0000000017358800 VMThread [stack: 0x0000000018410000,0x0000000018510000] [id=2480]
  0x00000000173ee000 WatcherThread [stack: 0x0000000019230000,0x0000000019330000] [id=5720]

VM state:not at safepoint (normal execution)

VM Mutex/Monitor currently owned by a thread: None

heap address: 0x0000000088a00000, size: 1910 MB, Compressed Oops mode: 32-bit
Narrow klass base: 0x0000000000000000, Narrow klass shift: 3
Compressed class space size: 1073741824 Address: 0x0000000100000000

Heap:
 PSYoungGen      total 35840K, used 13710K [0x00000000d8380000, 0x00000000dc980000, 0x0000000100000000)
  eden space 30720K, 35% used [0x00000000d8380000,0x00000000d8e3baf8,0x00000000da180000)
  from space 5120K, 53% used [0x00000000da680000,0x00000000da928000,0x00000000dab80000)
  to   space 5120K, 0% used [0x00000000da180000,0x00000000da180000,0x00000000da680000)
 ParOldGen       total 81920K, used 14877K [0x0000000088a00000, 0x000000008da00000, 0x00000000d8380000)
  object space 81920K, 18% used [0x0000000088a00000,0x0000000089887640,0x000000008da00000)
 Metaspace       used 14529K, capacity 14746K, committed 14848K, reserved 1062912K
  class space    used 1680K, capacity 1761K, committed 1792K, reserved 1048576K

Card table byte_map: [0x0000000012040000,0x0000000012400000] byte_map_base: 0x0000000011bfb000

Marking Bits: (ParMarkBitMap*) 0x0000000056675ce0
 Begin Bits: [0x0000000012a80000, 0x0000000014858000)
 End Bits:   [0x0000000014858000, 0x0000000016630000)

Polling page: 0x00000000009f0000

CodeCache: size=245760Kb used=2871Kb max_used=2871Kb free=242888Kb
 bounds [0x0000000002c80000, 0x0000000002f50000, 0x0000000011c80000]
 total_blobs=1473 nmethods=760 adapters=627
 compilation: enabled

Compilation events (10 events):
Event: 3.368 Thread 0x0000000018c38800  752  s    3       java.awt.Toolkit::getDefaultToolkit (24 bytes)
Event: 3.368 Thread 0x0000000018c38800 nmethod 752 0x0000000002f46690 code [0x0000000002f46820, 0x0000000002f46c78]
Event: 3.443 Thread 0x0000000018c38800  754       3       sun.nio.cs.ISO_8859_1$Encoder::encodeISOArray (47 bytes)
Event: 3.443 Thread 0x0000000018c38800 nmethod 754 0x0000000002f48e50 code [0x0000000002f48fc0, 0x0000000002f49250]
Event: 3.446 Thread 0x0000000018c38800  755       3       java.lang.ClassLoader::compareCerts (149 bytes)
Event: 3.447 Thread 0x0000000018c38800 nmethod 755 0x0000000002f4d490 code [0x0000000002f4d660, 0x0000000002f4def8]
Event: 3.473 Thread 0x0000000018c38800  759       3       java.util.WeakHashMap::remove (133 bytes)
Event: 3.474 Thread 0x0000000018c38800 nmethod 759 0x0000000002f4b8d0 code [0x0000000002f4bac0, 0x0000000002f4c588]
Event: 3.479 Thread 0x0000000018c38800  760   !   3       java.lang.ClassLoader::findNative (86 bytes)
Event: 3.480 Thread 0x0000000018c38800 nmethod 760 0x0000000002f4e1d0 code [0x0000000002f4e380, 0x0000000002f4ec38]

GC Heap History (4 events):
Event: 3.124 GC heap before
{Heap before GC invocations=1 (full 0):
 PSYoungGen      total 35840K, used 30720K [0x00000000d8380000, 0x00000000dab80000, 0x0000000100000000)
  eden space 30720K, 100% used [0x00000000d8380000,0x00000000da180000,0x00000000da180000)
  from space 5120K, 0% used [0x00000000da680000,0x00000000da680000,0x00000000dab80000)
  to   space 5120K, 0% used [0x00000000da180000,0x00000000da180000,0x00000000da680000)
 ParOldGen       total 81920K, used 0K [0x0000000088a00000, 0x000000008da00000, 0x00000000d8380000)
  object space 81920K, 0% used [0x0000000088a00000,0x0000000088a00000,0x000000008da00000)
 Metaspace       used 14442K, capacity 14682K, committed 14848K, reserved 1062912K
  class space    used 1671K, capacity 1761K, committed 1792K, reserved 1048576K
Event: 3.139 GC heap after
Heap after GC invocations=1 (full 0):
 PSYoungGen      total 35840K, used 3415K [0x00000000d8380000, 0x00000000dab80000, 0x0000000100000000)
  eden space 30720K, 0% used [0x00000000d8380000,0x00000000d8380000,0x00000000da180000)
  from space 5120K, 66% used [0x00000000da180000,0x00000000da4d5d80,0x00000000da680000)
  to   space 5120K, 0% used [0x00000000da680000,0x00000000da680000,0x00000000dab80000)
 ParOldGen       total 81920K, used 14869K [0x0000000088a00000, 0x000000008da00000, 0x00000000d8380000)
  object space 81920K, 18% used [0x0000000088a00000,0x0000000089885640,0x000000008da00000)
 Metaspace       used 14442K, capacity 14682K, committed 14848K, reserved 1062912K
  class space    used 1671K, capacity 1761K, committed 1792K, reserved 1048576K
}
Event: 3.349 GC heap before
{Heap before GC invocations=2 (full 0):
 PSYoungGen      total 35840K, used 34135K [0x00000000d8380000, 0x00000000dab80000, 0x0000000100000000)
  eden space 30720K, 100% used [0x00000000d8380000,0x00000000da180000,0x00000000da180000)
  from space 5120K, 66% used [0x00000000da180000,0x00000000da4d5d80,0x00000000da680000)
  to   space 5120K, 0% used [0x00000000da680000,0x00000000da680000,0x00000000dab80000)
 ParOldGen       total 81920K, used 14869K [0x0000000088a00000, 0x000000008da00000, 0x00000000d8380000)
  object space 81920K, 18% used [0x0000000088a00000,0x0000000089885640,0x000000008da00000)
 Metaspace       used 14446K, capacity 14682K, committed 14848K, reserved 1062912K
  class space    used 1671K, capacity 1761K, committed 1792K, reserved 1048576K
Event: 3.356 GC heap after
Heap after GC invocations=2 (full 0):
 PSYoungGen      total 35840K, used 2720K [0x00000000d8380000, 0x00000000dc980000, 0x0000000100000000)
  eden space 30720K, 0% used [0x00000000d8380000,0x00000000d8380000,0x00000000da180000)
  from space 5120K, 53% used [0x00000000da680000,0x00000000da928000,0x00000000dab80000)
  to   space 5120K, 0% used [0x00000000da180000,0x00000000da180000,0x00000000da680000)
 ParOldGen       total 81920K, used 14877K [0x0000000088a00000, 0x000000008da00000, 0x00000000d8380000)
  object space 81920K, 18% used [0x0000000088a00000,0x0000000089887640,0x000000008da00000)
 Metaspace       used 14446K, capacity 14682K, committed 14848K, reserved 1062912K
  class space    used 1671K, capacity 1761K, committed 1792K, reserved 1048576K
}

Deoptimization events (3 events):
Event: 2.237 Thread 0x0000000019512800 Uncommon trap: reason=class_check action=maybe_recompile pc=0x0000000002e1e154 method=java.lang.String.equals(Ljava/lang/Object;)Z @ 8
Event: 2.237 Thread 0x0000000019512800 Uncommon trap: reason=class_check action=maybe_recompile pc=0x0000000002e1e154 method=java.lang.String.equals(Ljava/lang/Object;)Z @ 8
Event: 2.237 Thread 0x0000000019512800 Uncommon trap: reason=class_check action=maybe_recompile pc=0x0000000002e1e154 method=java.lang.String.equals(Ljava/lang/Object;)Z @ 8

Classes redefined (0 events):
No events

Internal exceptions (10 events):
Event: 0.082 Thread 0x00000000013cd800 Exception <a 'java/lang/NoSuchMethodError': Method sun.misc.Unsafe.defineClass(Ljava/lang/String;[BII)Ljava/lang/Class; name or signature does not match> (0x00000000d8387cb8) thrown at [C:\re\workspace\8-2-build-windows-amd64-cygwin\jdk8u221\13320\hotspot
Event: 0.082 Thread 0x00000000013cd800 Exception <a 'java/lang/NoSuchMethodError': Method sun.misc.Unsafe.prefetchRead(Ljava/lang/Object;J)V name or signature does not match> (0x00000000d8387fa0) thrown at [C:\re\workspace\8-2-build-windows-amd64-cygwin\jdk8u221\13320\hotspot\src\share\vm\prim
Event: 0.489 Thread 0x00000000013cd800 Exception <a 'java/security/PrivilegedActionException'> (0x00000000d87137c0) thrown at [C:\re\workspace\8-2-build-windows-amd64-cygwin\jdk8u221\13320\hotspot\src\share\vm\prims\jvm.cpp, line 1502]
Event: 0.489 Thread 0x00000000013cd800 Exception <a 'java/security/PrivilegedActionException'> (0x00000000d87139d0) thrown at [C:\re\workspace\8-2-build-windows-amd64-cygwin\jdk8u221\13320\hotspot\src\share\vm\prims\jvm.cpp, line 1502]
Event: 0.492 Thread 0x00000000013cd800 Exception <a 'java/security/PrivilegedActionException'> (0x00000000d87178e0) thrown at [C:\re\workspace\8-2-build-windows-amd64-cygwin\jdk8u221\13320\hotspot\src\share\vm\prims\jvm.cpp, line 1502]
Event: 0.492 Thread 0x00000000013cd800 Exception <a 'java/security/PrivilegedActionException'> (0x00000000d8717af0) thrown at [C:\re\workspace\8-2-build-windows-amd64-cygwin\jdk8u221\13320\hotspot\src\share\vm\prims\jvm.cpp, line 1502]
Event: 0.513 Thread 0x00000000013cd800 Exception <a 'java/io/FileNotFoundException'> (0x00000000d871db18) thrown at [C:\re\workspace\8-2-build-windows-amd64-cygwin\jdk8u221\13320\hotspot\src\share\vm\prims\jni.cpp, line 710]
Event: 0.631 Thread 0x00000000013cd800 Exception <a 'java/lang/NoSuchFieldError': method resolution failed> (0x00000000d87ee3d8) thrown at [C:\re\workspace\8-2-build-windows-amd64-cygwin\jdk8u221\13320\hotspot\src\share\vm\prims\methodHandles.cpp, line 1167]
Event: 0.635 Thread 0x00000000013cd800 Exception <a 'java/lang/NoSuchFieldError': method resolution failed> (0x00000000d87fb7a8) thrown at [C:\re\workspace\8-2-build-windows-amd64-cygwin\jdk8u221\13320\hotspot\src\share\vm\prims\methodHandles.cpp, line 1167]
Event: 0.727 Thread 0x00000000013cd800 Exception <a 'java/io/FileNotFoundException'> (0x00000000d8893fd8) thrown at [C:\re\workspace\8-2-build-windows-amd64-cygwin\jdk8u221\13320\hotspot\src\share\vm\prims\jni.cpp, line 710]

Events (10 events):
Event: 3.440 loading class com/sun/opengl/util/texture/Texture
Event: 3.440 loading class com/sun/opengl/util/texture/Texture done
Event: 3.445 loading class com/sun/opengl/util/texture/TextureCoords
Event: 3.445 loading class com/sun/opengl/util/texture/TextureCoords done
Event: 3.465 loading class org/yourorghere/GLRenderer$1
Event: 3.465 loading class org/yourorghere/GLRenderer$1 done
Event: 3.466 loading class java/awt/event/KeyAdapter
Event: 3.466 loading class java/awt/event/KeyAdapter done
Event: 3.467 loading class javax/media/opengl/GLJPanel
Event: 3.467 loading class javax/media/opengl/GLJPanel done


Dynamic libraries:
0x00007ff704790000 - 0x00007ff7047c7000 	C:\Program Files\Java\jdk1.8.0_221\jre\bin\java.exe
0x00007ffe6e9f0000 - 0x00007ffe6ebdd000 	C:\WINDOWS\SYSTEM32\ntdll.dll
0x00007ffe6bd40000 - 0x00007ffe6bdf3000 	C:\WINDOWS\System32\KERNEL32.DLL
0x00007ffe6b590000 - 0x00007ffe6b823000 	C:\WINDOWS\System32\KERNELBASE.dll
0x00007ffe6cec0000 - 0x00007ffe6cf63000 	C:\WINDOWS\System32\ADVAPI32.dll
0x00007ffe6c4d0000 - 0x00007ffe6c56e000 	C:\WINDOWS\System32\msvcrt.dll
0x00007ffe6bc90000 - 0x00007ffe6bd2e000 	C:\WINDOWS\System32\sechost.dll
0x00007ffe6bfa0000 - 0x00007ffe6c0c2000 	C:\WINDOWS\System32\RPCRT4.dll
0x00007ffe6be00000 - 0x00007ffe6bf97000 	C:\WINDOWS\System32\USER32.dll
0x00007ffe6b900000 - 0x00007ffe6b920000 	C:\WINDOWS\System32\win32u.dll
0x00007ffe6c490000 - 0x00007ffe6c4b9000 	C:\WINDOWS\System32\GDI32.dll
0x00007ffe6ba50000 - 0x00007ffe6bbe9000 	C:\WINDOWS\System32\gdi32full.dll
0x00007ffe6bbf0000 - 0x00007ffe6bc90000 	C:\WINDOWS\System32\msvcp_win.dll
0x00007ffe6b920000 - 0x00007ffe6ba1a000 	C:\WINDOWS\System32\ucrtbase.dll
0x00007ffe628c0000 - 0x00007ffe62b39000 	C:\WINDOWS\WinSxS\amd64_microsoft.windows.common-controls_6595b64144ccf1df_6.0.17763.802_none_05b1445c0722d2cc\COMCTL32.dll
0x00007ffe6e500000 - 0x00007ffe6e82c000 	C:\WINDOWS\System32\combase.dll
0x00007ffe6ad10000 - 0x00007ffe6ad8e000 	C:\WINDOWS\System32\bcryptPrimitives.dll
0x00007ffe6c750000 - 0x00007ffe6c77e000 	C:\WINDOWS\System32\IMM32.DLL
0x0000000055d70000 - 0x0000000055e42000 	C:\Program Files\Java\jdk1.8.0_221\jre\bin\msvcr100.dll
0x0000000055e50000 - 0x00000000566f5000 	C:\Program Files\Java\jdk1.8.0_221\jre\bin\server\jvm.dll
0x00007ffe6bd30000 - 0x00007ffe6bd38000 	C:\WINDOWS\System32\PSAPI.DLL
0x00007ffe68db0000 - 0x00007ffe68dd4000 	C:\WINDOWS\SYSTEM32\WINMM.dll
0x00007ffe65be0000 - 0x00007ffe65be9000 	C:\WINDOWS\SYSTEM32\WSOCK32.dll
0x00007ffe6c2f0000 - 0x00007ffe6c35d000 	C:\WINDOWS\System32\WS2_32.dll
0x00007ffe62e60000 - 0x00007ffe62e6a000 	C:\WINDOWS\SYSTEM32\VERSION.dll
0x00007ffe68ca0000 - 0x00007ffe68ccd000 	C:\WINDOWS\SYSTEM32\winmmbase.dll
0x00007ffe6b890000 - 0x00007ffe6b8da000 	C:\WINDOWS\System32\cfgmgr32.dll
0x00007ffe65240000 - 0x00007ffe6524f000 	C:\Program Files\Java\jdk1.8.0_221\jre\bin\verify.dll
0x00007ffe5c080000 - 0x00007ffe5c0a9000 	C:\Program Files\Java\jdk1.8.0_221\jre\bin\java.dll
0x00007ffe65020000 - 0x00007ffe65036000 	C:\Program Files\Java\jdk1.8.0_221\jre\bin\zip.dll
0x00007ffe6cf80000 - 0x00007ffe6e474000 	C:\WINDOWS\System32\SHELL32.dll
0x00007ffe6c240000 - 0x00007ffe6c2e8000 	C:\WINDOWS\System32\shcore.dll
0x00007ffe6ae40000 - 0x00007ffe6b58d000 	C:\WINDOWS\System32\windows.storage.dll
0x00007ffe6aaa0000 - 0x00007ffe6aac4000 	C:\WINDOWS\System32\profapi.dll
0x00007ffe6aad0000 - 0x00007ffe6ab2d000 	C:\WINDOWS\System32\powrprof.dll
0x00007ffe6e900000 - 0x00007ffe6e952000 	C:\WINDOWS\System32\shlwapi.dll
0x00007ffe6aa60000 - 0x00007ffe6aa71000 	C:\WINDOWS\System32\kernel.appcore.dll
0x00007ffe6b8e0000 - 0x00007ffe6b8f7000 	C:\WINDOWS\System32\cryptsp.dll
0x00007ffe38a30000 - 0x00007ffe38bc9000 	C:\Program Files\Java\jdk1.8.0_221\jre\bin\awt.dll
0x00007ffe6e830000 - 0x00007ffe6e8f4000 	C:\WINDOWS\System32\OLEAUT32.dll
0x00007ffe68f60000 - 0x00007ffe68fec000 	C:\WINDOWS\SYSTEM32\apphelp.dll
0x00007ffe69100000 - 0x00007ffe6912e000 	C:\WINDOWS\system32\DWMAPI.DLL
0x00007ffe6ab30000 - 0x00007ffe6ad0b000 	C:\WINDOWS\System32\CRYPT32.dll
0x00007ffe6aa80000 - 0x00007ffe6aa92000 	C:\WINDOWS\System32\MSASN1.dll
0x00007ffe69030000 - 0x00007ffe690cc000 	C:\WINDOWS\system32\uxtheme.dll
0x00007ffe5a550000 - 0x00007ffe5a677000 	C:\WINDOWS\system32\opengl32.dll
0x00007ffe59e00000 - 0x00007ffe59e2c000 	C:\WINDOWS\SYSTEM32\GLU32.dll
0x00007ffe6c0d0000 - 0x00007ffe6c23b000 	C:\WINDOWS\System32\MSCTF.dll
0x00007ffe6c5d0000 - 0x00007ffe6c725000 	C:\WINDOWS\System32\ole32.dll
0x00007ffe3d980000 - 0x00007ffe3db1e000 	C:\WINDOWS\system32\d3d9.dll
0x00007ffe5e360000 - 0x00007ffe5e53c000 	C:\WINDOWS\System32\DriverStore\FileRepository\c0319797.inf_amd64_42e8c563d6d50551\aticfx64.dll
0x00007ffe4e380000 - 0x00007ffe4e3ad000 	C:\WINDOWS\System32\DriverStore\FileRepository\c0319797.inf_amd64_42e8c563d6d50551\atiu9p64.dll
0x00007ffe27cb0000 - 0x00007ffe287ec000 	C:\WINDOWS\System32\DriverStore\FileRepository\c0319797.inf_amd64_42e8c563d6d50551\atiumd64.dll
0x0000000056860000 - 0x0000000057410000 	C:\WINDOWS\System32\DriverStore\FileRepository\c0319797.inf_amd64_42e8c563d6d50551\atiumd6a.dll
0x000000001a350000 - 0x000000001a3aa000 	C:\Users\KAORD\AppData\Roaming\NetBeans\8.0.2\jogl-runtime\jogl.jar-natives-windows-amd64\jogl.dll
0x00000000539d0000 - 0x0000000053a99000 	C:\WINDOWS\WinSxS\amd64_microsoft.vc80.crt_1fc8b3b9a1e18e3b_8.0.50727.9554_none_88e038cb2fae7c50\MSVCR80.dll
0x00007ffe46ad0000 - 0x00007ffe46b19000 	C:\Program Files\Java\jdk1.8.0_221\jre\bin\fontmanager.dll
0x00007ffe5c060000 - 0x00007ffe5c07a000 	C:\Program Files\Java\jdk1.8.0_221\jre\bin\net.dll
0x00007ffe62f50000 - 0x00007ffe63127000 	C:\WINDOWS\SYSTEM32\urlmon.dll
0x00007ffe5f150000 - 0x00007ffe5f3f8000 	C:\WINDOWS\SYSTEM32\iertutil.dll
0x00007ffe6a440000 - 0x00007ffe6a44c000 	C:\WINDOWS\SYSTEM32\CRYPTBASE.DLL
0x00007ffe6a270000 - 0x00007ffe6a2d7000 	C:\WINDOWS\system32\mswsock.dll
0x00007ffe5c040000 - 0x00007ffe5c052000 	C:\Program Files\Java\jdk1.8.0_221\jre\bin\nio.dll
0x00007ffe46a80000 - 0x00007ffe46ac2000 	C:\Program Files\Java\jdk1.8.0_221\jre\bin\t2k.dll
0x00007ffe65a90000 - 0x00007ffe65b25000 	C:\WINDOWS\System32\TextInputFramework.dll
0x00007ffe64300000 - 0x00007ffe64622000 	C:\WINDOWS\System32\CoreUIComponents.dll
0x00007ffe68a90000 - 0x00007ffe68b72000 	C:\WINDOWS\System32\CoreMessaging.dll
0x00007ffe69ad0000 - 0x00007ffe69b01000 	C:\WINDOWS\SYSTEM32\ntmarta.dll
0x00007ffe66940000 - 0x00007ffe66a93000 	C:\WINDOWS\SYSTEM32\wintypes.dll
0x00007ffe68f50000 - 0x00007ffe68f57000 	C:\Program Files\Java\jdk1.8.0_221\jre\bin\jawt.dll
0x000000001a3e0000 - 0x000000001a3e7000 	C:\Users\KAORD\AppData\Roaming\NetBeans\8.0.2\jogl-runtime\jogl.jar-natives-windows-amd64\jogl_awt.dll
0x00007ffe5a6a0000 - 0x00007ffe5a6c5000 	C:\WINDOWS\System32\DriverStore\FileRepository\c0319797.inf_amd64_42e8c563d6d50551\atig6pxx.dll
0x0000000053aa0000 - 0x0000000055d70000 	C:\WINDOWS\System32\DriverStore\FileRepository\c0319797.inf_amd64_42e8c563d6d50551\atio6axx.dll
0x00007ffe6c780000 - 0x00007ffe6cbf6000 	C:\WINDOWS\System32\SETUPAPI.dll
0x00007ffe6ba20000 - 0x00007ffe6ba46000 	C:\WINDOWS\System32\bcrypt.dll
0x00007ffe60220000 - 0x00007ffe60242000 	C:\WINDOWS\SYSTEM32\dxva2.dll
0x00007ffe55c30000 - 0x00007ffe55c67000 	C:\WINDOWS\System32\DriverStore\FileRepository\c0319797.inf_amd64_42e8c563d6d50551\atig6txx.dll
0x00007ffe5c0b0000 - 0x00007ffe5c220000 	C:\WINDOWS\SYSTEM32\atiadlxx.dll
0x00007ffe67b20000 - 0x00007ffe67b33000 	C:\WINDOWS\SYSTEM32\WTSAPI32.dll
0x00007ffe6a960000 - 0x00007ffe6a988000 	C:\WINDOWS\SYSTEM32\USERENV.dll
0x00007ffe67500000 - 0x00007ffe676a9000 	C:\WINDOWS\SYSTEM32\PROPSYS.dll
0x00007ffe6a830000 - 0x00007ffe6a859000 	C:\WINDOWS\SYSTEM32\DEVOBJ.dll
0x00007ffe6b830000 - 0x00007ffe6b889000 	C:\WINDOWS\System32\WINTRUST.dll
0x00007ffe55c70000 - 0x00007ffe55ca1000 	C:\Program Files\Java\jdk1.8.0_221\jre\bin\jpeg.dll
0x00007ffe57d60000 - 0x00007ffe57f4d000 	C:\WINDOWS\SYSTEM32\dbghelp.dll

VM Arguments:
jvm_args: -Dfile.encoding=Cp1252 -Djava.library.path=C:\Users\KAORD\AppData\Roaming\NetBeans\8.0.2\jogl-runtime\jogl.jar-natives-windows-amd64;C:\Users\KAORD\AppData\Roaming\NetBeans\8.0.2\gluegen-runtime\gluegen-rt.jar-natives-windows-amd64 
java_command: org.yourorghere.FiguraCompleja
java_class_path (initial): C:\Users\KAORD\AppData\Roaming\NetBeans\8.0.2\gluegen-runtime\gluegen-rt.jar;C:\Users\KAORD\AppData\Roaming\NetBeans\8.0.2\jogl-runtime\jogl.jar;C:\Users\KAORD\Documents\NetBeansProjects\FiguraCompleja\build\classes
Launcher Type: SUN_STANDARD

Environment Variables:
PATH=C:\Program Files (x86)\Common Files\Oracle\Java\javapath;C:\WINDOWS\system32;C:\WINDOWS;C:\WINDOWS\System32\Wbem;C:\WINDOWS\System32\WindowsPowerShell\v1.0\;C:\WINDOWS\System32\OpenSSH\;C:\Program Files\Git\cmd;C:\Program Files\MySQL\MySQL Shell 8.0\bin\;C:\Users\KAORD\AppData\Local\Microsoft\WindowsApps;;C:\Program Files\JetBrains\DataGrip 2019.2.2\bin;;C:\Users\KAORD\AppData\Local\Programs\Microsoft VS Code\bin
USERNAME=KAORD
OS=Windows_NT
PROCESSOR_IDENTIFIER=AMD64 Family 21 Model 101 Stepping 1, AuthenticAMD



---------------  S Y S T E M  ---------------

OS: Windows 10.0 , 64 bit Build 17763 (10.0.17763.475)

CPU:total 4 (initial active 4) (4 cores per cpu, 1 threads per core) family 21 model 101 stepping 1, cmov, cx8, fxsr, mmx, sse, sse2, sse3, ssse3, sse4.1, sse4.2, popcnt, avx, avx2, aes, clmul, mmxext, 3dnowpref, lzcnt, sse4a, tsc, tscinvbit, tscinv, bmi1

Memory: 4k page, physical 7821688k(3280820k free), swap 13965688k(5793384k free)

vm_info: Java HotSpot(TM) 64-Bit Server VM (25.221-b11) for windows-amd64 JRE (1.8.0_221-b11), built on Jul  4 2019 04:39:29 by "java_re" with MS VC++ 10.0 (VS2010)

time: Thu Oct 17 22:57:46 2019
timezone: Hora de verano central (México)
elapsed time: 3 seconds (0d 0h 0m 3s)

