#
# A fatal error has been detected by the Java Runtime Environment:
#
#  EXCEPTION_ACCESS_VIOLATION (0xc0000005) at pc=0x000000005481ec04, pid=16196, tid=0x000000000000188c
#
# JRE version: Java(TM) SE Runtime Environment (8.0_221-b11) (build 1.8.0_221-b11)
# Java VM: Java HotSpot(TM) 64-Bit Server VM (25.221-b11 mixed mode windows-amd64 compressed oops)
# Problematic frame:
# C  [atio6axx.dll+0xd7ec04]
#
# Failed to write core dump. Minidumps are not enabled by default on client versions of Windows
#
# If you would like to submit a bug report, please visit:
#   http://bugreport.java.com/bugreport/crash.jsp
# The crash happened outside the Java Virtual Machine in native code.
# See problematic frame for where to report the bug.
#

---------------  T H R E A D  ---------------

Current thread (0x0000000019541000):  JavaThread "AWT-EventQueue-0" [_thread_in_native, id=6284, stack(0x0000000020ff0000,0x00000000210f0000)]

siginfo: ExceptionCode=0xc0000005, reading address 0x00000000237d5001

Registers:
RAX=0x0000000000000000, RBX=0x0000000023454438, RCX=0x000000000000007a, RDX=0x00000000237d4ffc
RSP=0x00000000210ecac8, RBP=0x0000000000000514, RSI=0x0000000027b6e8b0, RDI=0x00000000237d4678
R8 =0x0000000000000514, R9 =0x0000000000000514, R10=0x0000000023895290, R11=0x3ff0000000000000
R12=0x0000000054782ca0, R13=0x000000005486e170, R14=0x00000000000004b9, R15=0x000000005481eb80
RIP=0x000000005481ec04, EFLAGS=0x0000000000010202

Top of Stack: (sp=0x00000000210ecac8)
0x00000000210ecac8:   00000000546d1485 0000000023454438
0x00000000210ecad8:   00000000210ecae0 0000000000000003
0x00000000210ecae8:   0000000000000000 0000000000000000
0x00000000210ecaf8:   0000000000000000 0000000000001450
0x00000000210ecb08:   00000000210ecd90 0000000023454460
0x00000000210ecb18:   00000000546d2875 0000000027afb040
0x00000000210ecb28:   0000000000000f3c 000000002377dc24
0x00000000210ecb38:   00007ffe6e9f9d78 000000005486e170
0x00000000210ecb48:   0000000000000514 0008000000000514
0x00000000210ecb58:   000000002377dc24 0000000000000f3c
0x00000000210ecb68:   0000000000000000 0000000027afb040
0x00000000210ecb78:   0000000000001450 0000000000000000
0x00000000210ecb88:   0000000000000001 0000000000000000
0x00000000210ecb98:   0000000000000004 0000000000000514
0x00000000210ecba8:   0000000000000514 000000005481eb80
0x00000000210ecbb8:   000000005486e170 0000000054782ca0 

Instructions: (pc=0x000000005481ec04)
0x000000005481ebe4:   c1 f2 41 0f 11 42 08 0f b6 02 4d 89 5a 18 66 0f
0x000000005481ebf4:   6e c0 f3 0f e6 c0 f2 0f 5e c1 f2 41 0f 11 42 10
0x000000005481ec04:   0f b6 42 05 66 0f 6e c0 f3 0f e6 c0 f2 0f 5e c1
0x000000005481ec14:   f2 41 0f 11 42 20 0f b6 42 04 66 0f 6e c0 f3 0f 


Register to memory mapping:

RAX=0x0000000000000000 is an unknown value
RBX=0x0000000023454438 is an unknown value
RCX=0x000000000000007a is an unknown value
RDX=0x00000000237d4ffc is an unknown value
RSP=0x00000000210ecac8 is pointing into the stack for thread: 0x0000000019541000
RBP=0x0000000000000514 is an unknown value
RSI=0x0000000027b6e8b0 is an unknown value
RDI=0x00000000237d4678 is an unknown value
R8 =0x0000000000000514 is an unknown value
R9 =0x0000000000000514 is an unknown value
R10=0x0000000023895290 is an unknown value
R11=0x3ff0000000000000 is an unknown value
R12=0x0000000054782ca0 is an unknown value
R13=0x000000005486e170 is an unknown value
R14=0x00000000000004b9 is an unknown value
R15=0x000000005481eb80 is an unknown value


Stack: [0x0000000020ff0000,0x00000000210f0000],  sp=0x00000000210ecac8,  free space=1010k
Native frames: (J=compiled Java code, j=interpreted, Vv=VM code, C=native code)
C  [atio6axx.dll+0xd7ec04]

Java frames: (J=compiled Java code, j=interpreted, Vv=VM code)
j  com.sun.opengl.impl.GLImpl.glCallList(I)V+0
j  org.yourorghere.GLRenderer.display(Ljavax/media/opengl/GLAutoDrawable;)V+183
j  com.sun.opengl.impl.GLDrawableHelper.display(Ljavax/media/opengl/GLAutoDrawable;)V+29
j  javax.media.opengl.GLCanvas$DisplayAction.run()V+80
j  com.sun.opengl.impl.GLDrawableHelper.invokeGL(Ljavax/media/opengl/GLDrawable;Ljavax/media/opengl/GLContext;Ljava/lang/Runnable;Ljava/lang/Runnable;)V+418
j  javax.media.opengl.GLCanvas.maybeDoSingleThreadedWorkaround(Ljava/lang/Runnable;Ljava/lang/Runnable;)V+36
j  javax.media.opengl.GLCanvas.display()V+9
j  javax.media.opengl.GLCanvas.paint(Ljava/awt/Graphics;)V+125
j  sun.awt.RepaintArea.paintComponent(Ljava/awt/Component;Ljava/awt/Graphics;)V+6
j  sun.awt.RepaintArea.paint(Ljava/lang/Object;Z)V+326
j  sun.awt.windows.WComponentPeer.handleEvent(Ljava/awt/AWTEvent;)V+155
j  java.awt.Component.dispatchEventImpl(Ljava/awt/AWTEvent;)V+877
j  java.awt.Component.dispatchEvent(Ljava/awt/AWTEvent;)V+2
j  java.awt.EventQueue.dispatchEventImpl(Ljava/awt/AWTEvent;Ljava/lang/Object;)V+41
j  java.awt.EventQueue.access$500(Ljava/awt/EventQueue;Ljava/awt/AWTEvent;Ljava/lang/Object;)V+3
j  java.awt.EventQueue$3.run()Ljava/lang/Void;+32
j  java.awt.EventQueue$3.run()Ljava/lang/Object;+1
v  ~StubRoutines::call_stub
j  java.security.AccessController.doPrivileged(Ljava/security/PrivilegedAction;Ljava/security/AccessControlContext;)Ljava/lang/Object;+0
j  java.security.ProtectionDomain$JavaSecurityAccessImpl.doIntersectionPrivilege(Ljava/security/PrivilegedAction;Ljava/security/AccessControlContext;Ljava/security/AccessControlContext;)Ljava/lang/Object;+18
j  java.security.ProtectionDomain$JavaSecurityAccessImpl.doIntersectionPrivilege(Ljava/security/PrivilegedAction;Ljava/security/AccessControlContext;)Ljava/lang/Object;+6
j  java.awt.EventQueue$4.run()Ljava/lang/Void;+11
j  java.awt.EventQueue$4.run()Ljava/lang/Object;+1
v  ~StubRoutines::call_stub
j  java.security.AccessController.doPrivileged(Ljava/security/PrivilegedAction;Ljava/security/AccessControlContext;)Ljava/lang/Object;+0
j  java.security.ProtectionDomain$JavaSecurityAccessImpl.doIntersectionPrivilege(Ljava/security/PrivilegedAction;Ljava/security/AccessControlContext;Ljava/security/AccessControlContext;)Ljava/lang/Object;+18
j  java.awt.EventQueue.dispatchEvent(Ljava/awt/AWTEvent;)V+73
j  java.awt.EventDispatchThread.pumpOneEventForFilters(I)V+140
j  java.awt.EventDispatchThread.pumpEventsForFilter(ILjava/awt/Conditional;Ljava/awt/EventFilter;)V+35
j  java.awt.EventDispatchThread.pumpEventsForHierarchy(ILjava/awt/Conditional;Ljava/awt/Component;)V+11
j  java.awt.EventDispatchThread.pumpEvents(ILjava/awt/Conditional;)V+4
j  java.awt.EventDispatchThread.pumpEvents(Ljava/awt/Conditional;)V+3
j  java.awt.EventDispatchThread.run()V+9
v  ~StubRoutines::call_stub

---------------  P R O C E S S  ---------------

Java Threads: ( => current thread )
  0x0000000019542000 JavaThread "DestroyJavaVM" [_thread_blocked, id=12368, stack(0x00000000029d0000,0x0000000002ad0000)]
  0x0000000019542800 JavaThread "Thread-2" [_thread_blocked, id=8396, stack(0x0000000022300000,0x0000000022400000)]
  0x0000000019540800 JavaThread "D3D Screen Updater" daemon [_thread_blocked, id=14764, stack(0x00000000210f0000,0x00000000211f0000)]
=>0x0000000019541000 JavaThread "AWT-EventQueue-0" [_thread_in_native, id=6284, stack(0x0000000020ff0000,0x00000000210f0000)]
  0x000000001953f800 JavaThread "Image Fetcher 0" daemon [_thread_blocked, id=2528, stack(0x0000000020cf0000,0x0000000020df0000)]
  0x00000000193df000 JavaThread "AWT-Windows" daemon [_thread_in_native, id=1528, stack(0x0000000019e80000,0x0000000019f80000)]
  0x00000000193dc800 JavaThread "AWT-Shutdown" [_thread_blocked, id=15824, stack(0x0000000019d80000,0x0000000019e80000)]
  0x00000000193db800 JavaThread "Java2D Disposer" daemon [_thread_blocked, id=5656, stack(0x0000000019bc0000,0x0000000019cc0000)]
  0x0000000018c8a800 JavaThread "Service Thread" daemon [_thread_blocked, id=10116, stack(0x0000000019060000,0x0000000019160000)]
  0x00000000172e9800 JavaThread "C1 CompilerThread2" daemon [_thread_blocked, id=13708, stack(0x0000000018b60000,0x0000000018c60000)]
  0x00000000172e2000 JavaThread "C2 CompilerThread1" daemon [_thread_blocked, id=12660, stack(0x0000000018a60000,0x0000000018b60000)]
  0x00000000172df800 JavaThread "C2 CompilerThread0" daemon [_thread_blocked, id=8884, stack(0x0000000018960000,0x0000000018a60000)]
  0x00000000172dd800 JavaThread "Attach Listener" daemon [_thread_blocked, id=14912, stack(0x0000000018860000,0x0000000018960000)]
  0x00000000172da800 JavaThread "Signal Dispatcher" daemon [_thread_blocked, id=2624, stack(0x0000000018760000,0x0000000018860000)]
  0x0000000002bcb800 JavaThread "Finalizer" daemon [_thread_blocked, id=12736, stack(0x0000000018540000,0x0000000018640000)]
  0x00000000172ca000 JavaThread "Reference Handler" daemon [_thread_blocked, id=8116, stack(0x0000000018440000,0x0000000018540000)]

Other Threads:
  0x00000000172a9000 VMThread [stack: 0x0000000018340000,0x0000000018440000] [id=8980]
  0x0000000018cad000 WatcherThread [stack: 0x0000000019160000,0x0000000019260000] [id=7708]

VM state:not at safepoint (normal execution)

VM Mutex/Monitor currently owned by a thread: None

heap address: 0x0000000088a00000, size: 1910 MB, Compressed Oops mode: 32-bit
Narrow klass base: 0x0000000000000000, Narrow klass shift: 3
Compressed class space size: 1073741824 Address: 0x0000000100000000

Heap:
 PSYoungGen      total 35840K, used 13739K [0x00000000d8380000, 0x00000000dc980000, 0x0000000100000000)
  eden space 30720K, 35% used [0x00000000d8380000,0x00000000d8e4aec8,0x00000000da180000)
  from space 5120K, 52% used [0x00000000da680000,0x00000000da920000,0x00000000dab80000)
  to   space 5120K, 0% used [0x00000000da180000,0x00000000da180000,0x00000000da680000)
 ParOldGen       total 81920K, used 14877K [0x0000000088a00000, 0x000000008da00000, 0x00000000d8380000)
  object space 81920K, 18% used [0x0000000088a00000,0x0000000089887640,0x000000008da00000)
 Metaspace       used 14475K, capacity 14714K, committed 14848K, reserved 1062912K
  class space    used 1664K, capacity 1729K, committed 1792K, reserved 1048576K

Card table byte_map: [0x0000000011f90000,0x0000000012350000] byte_map_base: 0x0000000011b4b000

Marking Bits: (ParMarkBitMap*) 0x0000000056675ce0
 Begin Bits: [0x00000000129d0000, 0x00000000147a8000)
 End Bits:   [0x00000000147a8000, 0x0000000016580000)

Polling page: 0x0000000001050000

CodeCache: size=245760Kb used=2865Kb max_used=2865Kb free=242894Kb
 bounds [0x0000000002bd0000, 0x0000000002ea0000, 0x0000000011bd0000]
 total_blobs=1482 nmethods=771 adapters=625
 compilation: enabled

Compilation events (10 events):
Event: 3.985 Thread 0x00000000172e2000  762       4       sun.awt.image.ByteInterleavedRaster::getByteData (851 bytes)
Event: 3.990 Thread 0x00000000172e2000 nmethod 762 0x0000000002e9b590 code [0x0000000002e9b6e0, 0x0000000002e9bab8]
Event: 4.185 Thread 0x00000000172e9800  764       3       sun.nio.cs.ISO_8859_1$Encoder::encodeISOArray (47 bytes)
Event: 4.186 Thread 0x00000000172e9800 nmethod 764 0x0000000002e97590 code [0x0000000002e97700, 0x0000000002e97990]
Event: 4.189 Thread 0x00000000172e9800  765       3       java.lang.ClassLoader::compareCerts (149 bytes)
Event: 4.190 Thread 0x00000000172e9800 nmethod 765 0x0000000002e993d0 code [0x0000000002e995a0, 0x0000000002e99e38]
Event: 4.221 Thread 0x00000000172e9800  769       3       java.util.WeakHashMap::remove (133 bytes)
Event: 4.222 Thread 0x00000000172e9800 nmethod 769 0x0000000002e981d0 code [0x0000000002e983c0, 0x0000000002e98e88]
Event: 4.230 Thread 0x00000000172e9800  770   !   3       java.lang.ClassLoader::findNative (86 bytes)
Event: 4.231 Thread 0x00000000172e9800 nmethod 770 0x0000000002e9be50 code [0x0000000002e9c000, 0x0000000002e9c8b8]

GC Heap History (4 events):
Event: 3.863 GC heap before
{Heap before GC invocations=1 (full 0):
 PSYoungGen      total 35840K, used 30720K [0x00000000d8380000, 0x00000000dab80000, 0x0000000100000000)
  eden space 30720K, 100% used [0x00000000d8380000,0x00000000da180000,0x00000000da180000)
  from space 5120K, 0% used [0x00000000da680000,0x00000000da680000,0x00000000dab80000)
  to   space 5120K, 0% used [0x00000000da180000,0x00000000da180000,0x00000000da680000)
 ParOldGen       total 81920K, used 0K [0x0000000088a00000, 0x000000008da00000, 0x00000000d8380000)
  object space 81920K, 0% used [0x0000000088a00000,0x0000000088a00000,0x000000008da00000)
 Metaspace       used 14390K, capacity 14586K, committed 14848K, reserved 1062912K
  class space    used 1654K, capacity 1729K, committed 1792K, reserved 1048576K
Event: 3.883 GC heap after
Heap after GC invocations=1 (full 0):
 PSYoungGen      total 35840K, used 3415K [0x00000000d8380000, 0x00000000dab80000, 0x0000000100000000)
  eden space 30720K, 0% used [0x00000000d8380000,0x00000000d8380000,0x00000000da180000)
  from space 5120K, 66% used [0x00000000da180000,0x00000000da4d5d80,0x00000000da680000)
  to   space 5120K, 0% used [0x00000000da680000,0x00000000da680000,0x00000000dab80000)
 ParOldGen       total 81920K, used 14869K [0x0000000088a00000, 0x000000008da00000, 0x00000000d8380000)
  object space 81920K, 18% used [0x0000000088a00000,0x0000000089885640,0x000000008da00000)
 Metaspace       used 14390K, capacity 14586K, committed 14848K, reserved 1062912K
  class space    used 1654K, capacity 1729K, committed 1792K, reserved 1048576K
}
Event: 4.091 GC heap before
{Heap before GC invocations=2 (full 0):
 PSYoungGen      total 35840K, used 34135K [0x00000000d8380000, 0x00000000dab80000, 0x0000000100000000)
  eden space 30720K, 100% used [0x00000000d8380000,0x00000000da180000,0x00000000da180000)
  from space 5120K, 66% used [0x00000000da180000,0x00000000da4d5d80,0x00000000da680000)
  to   space 5120K, 0% used [0x00000000da680000,0x00000000da680000,0x00000000dab80000)
 ParOldGen       total 81920K, used 14869K [0x0000000088a00000, 0x000000008da00000, 0x00000000d8380000)
  object space 81920K, 18% used [0x0000000088a00000,0x0000000089885640,0x000000008da00000)
 Metaspace       used 14394K, capacity 14650K, committed 14848K, reserved 1062912K
  class space    used 1654K, capacity 1729K, committed 1792K, reserved 1048576K
Event: 4.098 GC heap after
Heap after GC invocations=2 (full 0):
 PSYoungGen      total 35840K, used 2688K [0x00000000d8380000, 0x00000000dc980000, 0x0000000100000000)
  eden space 30720K, 0% used [0x00000000d8380000,0x00000000d8380000,0x00000000da180000)
  from space 5120K, 52% used [0x00000000da680000,0x00000000da920000,0x00000000dab80000)
  to   space 5120K, 0% used [0x00000000da180000,0x00000000da180000,0x00000000da680000)
 ParOldGen       total 81920K, used 14877K [0x0000000088a00000, 0x000000008da00000, 0x00000000d8380000)
  object space 81920K, 18% used [0x0000000088a00000,0x0000000089887640,0x000000008da00000)
 Metaspace       used 14394K, capacity 14650K, committed 14848K, reserved 1062912K
  class space    used 1654K, capacity 1729K, committed 1792K, reserved 1048576K
}

Deoptimization events (4 events):
Event: 1.130 Thread 0x00000000028ed800 Uncommon trap: reason=unstable_if action=reinterpret pc=0x0000000002dec26c method=java.lang.String.indexOf([CII[CIII)I @ 134
Event: 2.645 Thread 0x0000000019541000 Uncommon trap: reason=class_check action=maybe_recompile pc=0x0000000002d780d4 method=java.lang.String.equals(Ljava/lang/Object;)Z @ 8
Event: 2.645 Thread 0x0000000019541000 Uncommon trap: reason=class_check action=maybe_recompile pc=0x0000000002d780d4 method=java.lang.String.equals(Ljava/lang/Object;)Z @ 8
Event: 2.645 Thread 0x0000000019541000 Uncommon trap: reason=class_check action=maybe_recompile pc=0x0000000002d780d4 method=java.lang.String.equals(Ljava/lang/Object;)Z @ 8

Classes redefined (0 events):
No events

Internal exceptions (10 events):
Event: 0.096 Thread 0x00000000028ed800 Exception <a 'java/lang/NoSuchMethodError': Method sun.misc.Unsafe.defineClass(Ljava/lang/String;[BII)Ljava/lang/Class; name or signature does not match> (0x00000000d8387cb8) thrown at [C:\re\workspace\8-2-build-windows-amd64-cygwin\jdk8u221\13320\hotspot
Event: 0.096 Thread 0x00000000028ed800 Exception <a 'java/lang/NoSuchMethodError': Method sun.misc.Unsafe.prefetchRead(Ljava/lang/Object;J)V name or signature does not match> (0x00000000d8387fa0) thrown at [C:\re\workspace\8-2-build-windows-amd64-cygwin\jdk8u221\13320\hotspot\src\share\vm\prim
Event: 0.484 Thread 0x00000000028ed800 Exception <a 'java/security/PrivilegedActionException'> (0x00000000d87138e8) thrown at [C:\re\workspace\8-2-build-windows-amd64-cygwin\jdk8u221\13320\hotspot\src\share\vm\prims\jvm.cpp, line 1502]
Event: 0.484 Thread 0x00000000028ed800 Exception <a 'java/security/PrivilegedActionException'> (0x00000000d8713af8) thrown at [C:\re\workspace\8-2-build-windows-amd64-cygwin\jdk8u221\13320\hotspot\src\share\vm\prims\jvm.cpp, line 1502]
Event: 0.485 Thread 0x00000000028ed800 Exception <a 'java/security/PrivilegedActionException'> (0x00000000d8717a08) thrown at [C:\re\workspace\8-2-build-windows-amd64-cygwin\jdk8u221\13320\hotspot\src\share\vm\prims\jvm.cpp, line 1502]
Event: 0.486 Thread 0x00000000028ed800 Exception <a 'java/security/PrivilegedActionException'> (0x00000000d8717c18) thrown at [C:\re\workspace\8-2-build-windows-amd64-cygwin\jdk8u221\13320\hotspot\src\share\vm\prims\jvm.cpp, line 1502]
Event: 0.502 Thread 0x00000000028ed800 Exception <a 'java/io/FileNotFoundException'> (0x00000000d871dbe8) thrown at [C:\re\workspace\8-2-build-windows-amd64-cygwin\jdk8u221\13320\hotspot\src\share\vm\prims\jni.cpp, line 710]
Event: 0.598 Thread 0x00000000028ed800 Exception <a 'java/lang/NoSuchFieldError': method resolution failed> (0x00000000d87ee248) thrown at [C:\re\workspace\8-2-build-windows-amd64-cygwin\jdk8u221\13320\hotspot\src\share\vm\prims\methodHandles.cpp, line 1167]
Event: 0.604 Thread 0x00000000028ed800 Exception <a 'java/lang/NoSuchFieldError': method resolution failed> (0x00000000d87fb618) thrown at [C:\re\workspace\8-2-build-windows-amd64-cygwin\jdk8u221\13320\hotspot\src\share\vm\prims\methodHandles.cpp, line 1167]
Event: 0.696 Thread 0x00000000028ed800 Exception <a 'java/io/FileNotFoundException'> (0x00000000d8893e50) thrown at [C:\re\workspace\8-2-build-windows-amd64-cygwin\jdk8u221\13320\hotspot\src\share\vm\prims\jni.cpp, line 710]

Events (10 events):
Event: 4.188 loading class com/sun/opengl/util/texture/TextureCoords
Event: 4.188 loading class com/sun/opengl/util/texture/TextureCoords done
Event: 4.212 loading class org/yourorghere/GLRenderer$1
Event: 4.212 loading class org/yourorghere/GLRenderer$1 done
Event: 4.213 loading class java/awt/event/KeyAdapter
Event: 4.214 loading class java/awt/event/KeyAdapter done
Event: 4.214 loading class javax/media/opengl/GLJPanel
Event: 4.214 loading class javax/media/opengl/GLJPanel done
Event: 4.230 Executing VM operation: EnableBiasedLocking
Event: 4.230 Executing VM operation: EnableBiasedLocking done


Dynamic libraries:
0x00007ff704790000 - 0x00007ff7047c7000 	C:\Program Files\Java\jdk1.8.0_221\jre\bin\java.exe
0x00007ffe6e9f0000 - 0x00007ffe6ebdd000 	C:\WINDOWS\SYSTEM32\ntdll.dll
0x00007ffe6bd40000 - 0x00007ffe6bdf3000 	C:\WINDOWS\System32\KERNEL32.DLL
0x00007ffe6b590000 - 0x00007ffe6b823000 	C:\WINDOWS\System32\KERNELBASE.dll
0x00007ffe6cec0000 - 0x00007ffe6cf63000 	C:\WINDOWS\System32\ADVAPI32.dll
0x00007ffe6c4d0000 - 0x00007ffe6c56e000 	C:\WINDOWS\System32\msvcrt.dll
0x00007ffe6bc90000 - 0x00007ffe6bd2e000 	C:\WINDOWS\System32\sechost.dll
0x00007ffe6bfa0000 - 0x00007ffe6c0c2000 	C:\WINDOWS\System32\RPCRT4.dll
0x00007ffe6be00000 - 0x00007ffe6bf97000 	C:\WINDOWS\System32\USER32.dll
0x00007ffe6b900000 - 0x00007ffe6b920000 	C:\WINDOWS\System32\win32u.dll
0x00007ffe6c490000 - 0x00007ffe6c4b9000 	C:\WINDOWS\System32\GDI32.dll
0x00007ffe6ba50000 - 0x00007ffe6bbe9000 	C:\WINDOWS\System32\gdi32full.dll
0x00007ffe6bbf0000 - 0x00007ffe6bc90000 	C:\WINDOWS\System32\msvcp_win.dll
0x00007ffe6b920000 - 0x00007ffe6ba1a000 	C:\WINDOWS\System32\ucrtbase.dll
0x00007ffe628c0000 - 0x00007ffe62b39000 	C:\WINDOWS\WinSxS\amd64_microsoft.windows.common-controls_6595b64144ccf1df_6.0.17763.802_none_05b1445c0722d2cc\COMCTL32.dll
0x00007ffe6e500000 - 0x00007ffe6e82c000 	C:\WINDOWS\System32\combase.dll
0x00007ffe6ad10000 - 0x00007ffe6ad8e000 	C:\WINDOWS\System32\bcryptPrimitives.dll
0x00007ffe6c750000 - 0x00007ffe6c77e000 	C:\WINDOWS\System32\IMM32.DLL
0x0000000055d70000 - 0x0000000055e42000 	C:\Program Files\Java\jdk1.8.0_221\jre\bin\msvcr100.dll
0x0000000055e50000 - 0x00000000566f5000 	C:\Program Files\Java\jdk1.8.0_221\jre\bin\server\jvm.dll
0x00007ffe6bd30000 - 0x00007ffe6bd38000 	C:\WINDOWS\System32\PSAPI.DLL
0x00007ffe68db0000 - 0x00007ffe68dd4000 	C:\WINDOWS\SYSTEM32\WINMM.dll
0x00007ffe62e60000 - 0x00007ffe62e6a000 	C:\WINDOWS\SYSTEM32\VERSION.dll
0x00007ffe65be0000 - 0x00007ffe65be9000 	C:\WINDOWS\SYSTEM32\WSOCK32.dll
0x00007ffe6c2f0000 - 0x00007ffe6c35d000 	C:\WINDOWS\System32\WS2_32.dll
0x00007ffe68ca0000 - 0x00007ffe68ccd000 	C:\WINDOWS\SYSTEM32\winmmbase.dll
0x00007ffe6b890000 - 0x00007ffe6b8da000 	C:\WINDOWS\System32\cfgmgr32.dll
0x00007ffe65240000 - 0x00007ffe6524f000 	C:\Program Files\Java\jdk1.8.0_221\jre\bin\verify.dll
0x00007ffe5c080000 - 0x00007ffe5c0a9000 	C:\Program Files\Java\jdk1.8.0_221\jre\bin\java.dll
0x00007ffe65020000 - 0x00007ffe65036000 	C:\Program Files\Java\jdk1.8.0_221\jre\bin\zip.dll
0x00007ffe6cf80000 - 0x00007ffe6e474000 	C:\WINDOWS\System32\SHELL32.dll
0x00007ffe6c240000 - 0x00007ffe6c2e8000 	C:\WINDOWS\System32\shcore.dll
0x00007ffe6ae40000 - 0x00007ffe6b58d000 	C:\WINDOWS\System32\windows.storage.dll
0x00007ffe6aaa0000 - 0x00007ffe6aac4000 	C:\WINDOWS\System32\profapi.dll
0x00007ffe6aad0000 - 0x00007ffe6ab2d000 	C:\WINDOWS\System32\powrprof.dll
0x00007ffe6e900000 - 0x00007ffe6e952000 	C:\WINDOWS\System32\shlwapi.dll
0x00007ffe6aa60000 - 0x00007ffe6aa71000 	C:\WINDOWS\System32\kernel.appcore.dll
0x00007ffe6b8e0000 - 0x00007ffe6b8f7000 	C:\WINDOWS\System32\cryptsp.dll
0x00007ffe38a30000 - 0x00007ffe38bc9000 	C:\Program Files\Java\jdk1.8.0_221\jre\bin\awt.dll
0x00007ffe6e830000 - 0x00007ffe6e8f4000 	C:\WINDOWS\System32\OLEAUT32.dll
0x00007ffe68f60000 - 0x00007ffe68fec000 	C:\WINDOWS\SYSTEM32\apphelp.dll
0x00007ffe69100000 - 0x00007ffe6912e000 	C:\WINDOWS\system32\DWMAPI.DLL
0x00007ffe6ab30000 - 0x00007ffe6ad0b000 	C:\WINDOWS\System32\CRYPT32.dll
0x00007ffe6aa80000 - 0x00007ffe6aa92000 	C:\WINDOWS\System32\MSASN1.dll
0x00007ffe69030000 - 0x00007ffe690cc000 	C:\WINDOWS\system32\uxtheme.dll
0x00007ffe5a550000 - 0x00007ffe5a677000 	C:\WINDOWS\system32\opengl32.dll
0x00007ffe59e00000 - 0x00007ffe59e2c000 	C:\WINDOWS\SYSTEM32\GLU32.dll
0x00007ffe6c0d0000 - 0x00007ffe6c23b000 	C:\WINDOWS\System32\MSCTF.dll
0x00007ffe6c5d0000 - 0x00007ffe6c725000 	C:\WINDOWS\System32\ole32.dll
0x00007ffe3d980000 - 0x00007ffe3db1e000 	C:\WINDOWS\system32\d3d9.dll
0x00007ffe5e360000 - 0x00007ffe5e53c000 	C:\WINDOWS\System32\DriverStore\FileRepository\c0319797.inf_amd64_42e8c563d6d50551\aticfx64.dll
0x00007ffe47ec0000 - 0x00007ffe47eed000 	C:\WINDOWS\System32\DriverStore\FileRepository\c0319797.inf_amd64_42e8c563d6d50551\atiu9p64.dll
0x00007ffe27cb0000 - 0x00007ffe287ec000 	C:\WINDOWS\System32\DriverStore\FileRepository\c0319797.inf_amd64_42e8c563d6d50551\atiumd64.dll
0x0000000056860000 - 0x0000000057410000 	C:\WINDOWS\System32\DriverStore\FileRepository\c0319797.inf_amd64_42e8c563d6d50551\atiumd6a.dll
0x0000000002950000 - 0x00000000029aa000 	C:\Users\KAORD\AppData\Roaming\NetBeans\8.0.2\jogl-runtime\jogl.jar-natives-windows-amd64\jogl.dll
0x00000000539d0000 - 0x0000000053a99000 	C:\WINDOWS\WinSxS\amd64_microsoft.vc80.crt_1fc8b3b9a1e18e3b_8.0.50727.9554_none_88e038cb2fae7c50\MSVCR80.dll
0x00007ffe46ad0000 - 0x00007ffe46b19000 	C:\Program Files\Java\jdk1.8.0_221\jre\bin\fontmanager.dll
0x00007ffe5c060000 - 0x00007ffe5c07a000 	C:\Program Files\Java\jdk1.8.0_221\jre\bin\net.dll
0x00007ffe62f50000 - 0x00007ffe63127000 	C:\WINDOWS\SYSTEM32\urlmon.dll
0x00007ffe5f150000 - 0x00007ffe5f3f8000 	C:\WINDOWS\SYSTEM32\iertutil.dll
0x00007ffe6a440000 - 0x00007ffe6a44c000 	C:\WINDOWS\SYSTEM32\CRYPTBASE.DLL
0x00007ffe6a270000 - 0x00007ffe6a2d7000 	C:\WINDOWS\system32\mswsock.dll
0x00007ffe5c040000 - 0x00007ffe5c052000 	C:\Program Files\Java\jdk1.8.0_221\jre\bin\nio.dll
0x00007ffe46a80000 - 0x00007ffe46ac2000 	C:\Program Files\Java\jdk1.8.0_221\jre\bin\t2k.dll
0x00007ffe65a90000 - 0x00007ffe65b25000 	C:\WINDOWS\System32\TextInputFramework.dll
0x00007ffe64300000 - 0x00007ffe64622000 	C:\WINDOWS\System32\CoreUIComponents.dll
0x00007ffe68a90000 - 0x00007ffe68b72000 	C:\WINDOWS\System32\CoreMessaging.dll
0x00007ffe66940000 - 0x00007ffe66a93000 	C:\WINDOWS\SYSTEM32\wintypes.dll
0x00007ffe69ad0000 - 0x00007ffe69b01000 	C:\WINDOWS\SYSTEM32\ntmarta.dll
0x00007ffe68f50000 - 0x00007ffe68f57000 	C:\Program Files\Java\jdk1.8.0_221\jre\bin\jawt.dll
0x0000000019d40000 - 0x0000000019d47000 	C:\Users\KAORD\AppData\Roaming\NetBeans\8.0.2\jogl-runtime\jogl.jar-natives-windows-amd64\jogl_awt.dll
0x00007ffe5a6a0000 - 0x00007ffe5a6c5000 	C:\WINDOWS\System32\DriverStore\FileRepository\c0319797.inf_amd64_42e8c563d6d50551\atig6pxx.dll
0x0000000053aa0000 - 0x0000000055d70000 	C:\WINDOWS\System32\DriverStore\FileRepository\c0319797.inf_amd64_42e8c563d6d50551\atio6axx.dll
0x00007ffe6c780000 - 0x00007ffe6cbf6000 	C:\WINDOWS\System32\SETUPAPI.dll
0x00007ffe6ba20000 - 0x00007ffe6ba46000 	C:\WINDOWS\System32\bcrypt.dll
0x00007ffe60220000 - 0x00007ffe60242000 	C:\WINDOWS\SYSTEM32\dxva2.dll
0x00007ffe55c30000 - 0x00007ffe55c67000 	C:\WINDOWS\System32\DriverStore\FileRepository\c0319797.inf_amd64_42e8c563d6d50551\atig6txx.dll
0x00007ffe5c0b0000 - 0x00007ffe5c220000 	C:\WINDOWS\SYSTEM32\atiadlxx.dll
0x00007ffe6a960000 - 0x00007ffe6a988000 	C:\WINDOWS\SYSTEM32\USERENV.dll
0x00007ffe67b20000 - 0x00007ffe67b33000 	C:\WINDOWS\SYSTEM32\WTSAPI32.dll
0x00007ffe67500000 - 0x00007ffe676a9000 	C:\WINDOWS\SYSTEM32\PROPSYS.dll
0x00007ffe6a830000 - 0x00007ffe6a859000 	C:\WINDOWS\SYSTEM32\DEVOBJ.dll
0x00007ffe6b830000 - 0x00007ffe6b889000 	C:\WINDOWS\System32\WINTRUST.dll
0x00007ffe55c70000 - 0x00007ffe55ca1000 	C:\Program Files\Java\jdk1.8.0_221\jre\bin\jpeg.dll
0x00007ffe57d60000 - 0x00007ffe57f4d000 	C:\WINDOWS\SYSTEM32\dbghelp.dll

VM Arguments:
jvm_args: -Dfile.encoding=Cp1252 -Djava.library.path=C:\Users\KAORD\AppData\Roaming\NetBeans\8.0.2\jogl-runtime\jogl.jar-natives-windows-amd64;C:\Users\KAORD\AppData\Roaming\NetBeans\8.0.2\gluegen-runtime\gluegen-rt.jar-natives-windows-amd64 
java_command: org.yourorghere.FiguraCompleja
java_class_path (initial): C:\Users\KAORD\AppData\Roaming\NetBeans\8.0.2\gluegen-runtime\gluegen-rt.jar;C:\Users\KAORD\AppData\Roaming\NetBeans\8.0.2\jogl-runtime\jogl.jar;C:\Users\KAORD\Documents\NetBeansProjects\FiguraCompleja\build\classes
Launcher Type: SUN_STANDARD

Environment Variables:
PATH=C:\Program Files (x86)\Common Files\Oracle\Java\javapath;C:\WINDOWS\system32;C:\WINDOWS;C:\WINDOWS\System32\Wbem;C:\WINDOWS\System32\WindowsPowerShell\v1.0\;C:\WINDOWS\System32\OpenSSH\;C:\Program Files\Git\cmd;C:\Program Files\MySQL\MySQL Shell 8.0\bin\;C:\Users\KAORD\AppData\Local\Microsoft\WindowsApps;;C:\Program Files\JetBrains\DataGrip 2019.2.2\bin;;C:\Users\KAORD\AppData\Local\Programs\Microsoft VS Code\bin
USERNAME=KAORD
OS=Windows_NT
PROCESSOR_IDENTIFIER=AMD64 Family 21 Model 101 Stepping 1, AuthenticAMD



---------------  S Y S T E M  ---------------

OS: Windows 10.0 , 64 bit Build 17763 (10.0.17763.475)

CPU:total 4 (initial active 4) (4 cores per cpu, 1 threads per core) family 21 model 101 stepping 1, cmov, cx8, fxsr, mmx, sse, sse2, sse3, ssse3, sse4.1, sse4.2, popcnt, avx, avx2, aes, clmul, mmxext, 3dnowpref, lzcnt, sse4a, tsc, tscinvbit, tscinv, bmi1

Memory: 4k page, physical 7821688k(2730004k free), swap 13965688k(5740540k free)

vm_info: Java HotSpot(TM) 64-Bit Server VM (25.221-b11) for windows-amd64 JRE (1.8.0_221-b11), built on Jul  4 2019 04:39:29 by "java_re" with MS VC++ 10.0 (VS2010)

time: Thu Oct 17 22:30:00 2019
timezone: Hora de verano central (México)
elapsed time: 4 seconds (0d 0h 0m 4s)

